\BOOKMARK [0][-]{chapter.1}{\376\377\0001\000\040\000H\000o\000l\000u\000m}{}% 1
\BOOKMARK [0][-]{chapter.2}{\376\377\0002\000\040\000N\000a\000m\000e\000s\000p\000a\000c\000e\000\040\000I\000n\000d\000e\000x}{}% 2
\BOOKMARK [1][-]{section.2.1}{\376\377\0002\000.\0001\000\040\000N\000a\000m\000e\000s\000p\000a\000c\000e\000\040\000L\000i\000s\000t}{chapter.2}% 3
\BOOKMARK [0][-]{chapter.3}{\376\377\0003\000\040\000H\000i\000e\000r\000a\000r\000c\000h\000i\000c\000a\000l\000\040\000I\000n\000d\000e\000x}{}% 4
\BOOKMARK [1][-]{section.3.1}{\376\377\0003\000.\0001\000\040\000C\000l\000a\000s\000s\000\040\000H\000i\000e\000r\000a\000r\000c\000h\000y}{chapter.3}% 5
\BOOKMARK [0][-]{chapter.4}{\376\377\0004\000\040\000D\000a\000t\000a\000\040\000S\000t\000r\000u\000c\000t\000u\000r\000e\000\040\000I\000n\000d\000e\000x}{}% 6
\BOOKMARK [1][-]{section.4.1}{\376\377\0004\000.\0001\000\040\000D\000a\000t\000a\000\040\000S\000t\000r\000u\000c\000t\000u\000r\000e\000s}{chapter.4}% 7
\BOOKMARK [0][-]{chapter.5}{\376\377\0005\000\040\000F\000i\000l\000e\000\040\000I\000n\000d\000e\000x}{}% 8
\BOOKMARK [1][-]{section.5.1}{\376\377\0005\000.\0001\000\040\000F\000i\000l\000e\000\040\000L\000i\000s\000t}{chapter.5}% 9
\BOOKMARK [0][-]{chapter.6}{\376\377\0006\000\040\000N\000a\000m\000e\000s\000p\000a\000c\000e\000\040\000D\000o\000c\000u\000m\000e\000n\000t\000a\000t\000i\000o\000n}{}% 10
\BOOKMARK [1][-]{section.6.1}{\376\377\0006\000.\0001\000\040\000s\000h\000\040\000N\000a\000m\000e\000s\000p\000a\000c\000e\000\040\000R\000e\000f\000e\000r\000e\000n\000c\000e}{chapter.6}% 11
\BOOKMARK [0][-]{chapter.7}{\376\377\0007\000\040\000D\000a\000t\000a\000\040\000S\000t\000r\000u\000c\000t\000u\000r\000e\000\040\000D\000o\000c\000u\000m\000e\000n\000t\000a\000t\000i\000o\000n}{}% 12
\BOOKMARK [1][-]{section.7.1}{\376\377\0007\000.\0001\000\040\000B\000l\000u\000e\000t\000o\000o\000t\000h\000\040\000C\000l\000a\000s\000s\000\040\000R\000e\000f\000e\000r\000e\000n\000c\000e}{chapter.7}% 13
\BOOKMARK [2][-]{subsection.7.1.1}{\376\377\0007\000.\0001\000.\0001\000\040\000C\000o\000n\000s\000t\000r\000u\000c\000t\000o\000r\000\040\000\046\000\040\000D\000e\000s\000t\000r\000u\000c\000t\000o\000r\000\040\000D\000o\000c\000u\000m\000e\000n\000t\000a\000t\000i\000o\000n}{section.7.1}% 14
\BOOKMARK [3][-]{subsubsection.7.1.1.1}{\376\377\0007\000.\0001\000.\0001\000.\0001\000\040\000B\000l\000u\000e\000t\000o\000o\000t\000h\000\050\000\051}{subsection.7.1.1}% 15
\BOOKMARK [3][-]{subsubsection.7.1.1.2}{\376\377\0007\000.\0001\000.\0001\000.\0002\000\040\000B\000l\000u\000e\000t\000o\000o\000t\000h\000\050\000c\000o\000n\000s\000t\000\040\000B\000l\000u\000e\000t\000o\000o\000t\000h\000\040\000b\000\051}{subsection.7.1.1}% 16
\BOOKMARK [2][-]{subsection.7.1.2}{\376\377\0007\000.\0001\000.\0002\000\040\000M\000e\000m\000b\000e\000r\000\040\000F\000u\000n\000c\000t\000i\000o\000n\000\040\000D\000o\000c\000u\000m\000e\000n\000t\000a\000t\000i\000o\000n}{section.7.1}% 17
\BOOKMARK [3][-]{subsubsection.7.1.2.1}{\376\377\0007\000.\0001\000.\0002\000.\0001\000\040\000a\000c\000c\000e\000p\000t\000S\000o\000c\000k\000e\000t\000\050\000\051}{subsection.7.1.2}% 18
\BOOKMARK [3][-]{subsubsection.7.1.2.2}{\376\377\0007\000.\0001\000.\0002\000.\0002\000\040\000b\000i\000n\000d\000S\000o\000c\000k\000e\000t\000\050\000\051}{subsection.7.1.2}% 19
\BOOKMARK [3][-]{subsubsection.7.1.2.3}{\376\377\0007\000.\0001\000.\0002\000.\0003\000\040\000c\000h\000e\000c\000k\000M\000e\000s\000s\000a\000g\000e\000\050\000\051}{subsection.7.1.2}% 20
\BOOKMARK [3][-]{subsubsection.7.1.2.4}{\376\377\0007\000.\0001\000.\0002\000.\0004\000\040\000c\000l\000o\000s\000e\000S\000o\000c\000k\000e\000t\000\050\000\051}{subsection.7.1.2}% 21
\BOOKMARK [3][-]{subsubsection.7.1.2.5}{\376\377\0007\000.\0001\000.\0002\000.\0005\000\040\000g\000e\000t\000D\000i\000r\000e\000c\000t\000i\000o\000n\000\050\000\051}{subsection.7.1.2}% 22
\BOOKMARK [3][-]{subsubsection.7.1.2.6}{\376\377\0007\000.\0001\000.\0002\000.\0006\000\040\000i\000n\000i\000t\000\050\000\051}{subsection.7.1.2}% 23
\BOOKMARK [3][-]{subsubsection.7.1.2.7}{\376\377\0007\000.\0001\000.\0002\000.\0007\000\040\000i\000s\000A\000v\000a\000i\000l\000a\000b\000l\000e\000\050\000\051}{subsection.7.1.2}% 24
\BOOKMARK [3][-]{subsubsection.7.1.2.8}{\376\377\0007\000.\0001\000.\0002\000.\0008\000\040\000i\000s\000A\000v\000a\000i\000l\000a\000b\000l\000e\000\050\000b\000o\000o\000l\000\040\000a\000v\000a\000i\000l\000a\000b\000l\000e\000\051}{subsection.7.1.2}% 25
\BOOKMARK [3][-]{subsubsection.7.1.2.9}{\376\377\0007\000.\0001\000.\0002\000.\0009\000\040\000l\000i\000s\000t\000e\000n\000S\000o\000c\000k\000e\000t\000\050\000\051}{subsection.7.1.2}% 26
\BOOKMARK [3][-]{subsubsection.7.1.2.10}{\376\377\0007\000.\0001\000.\0002\000.\0001\0000\000\040\000m\000a\000n\000a\000g\000e\000B\000l\000u\000e\000t\000o\000o\000t\000h\000\050\000\051}{subsection.7.1.2}% 27
\BOOKMARK [3][-]{subsubsection.7.1.2.11}{\376\377\0007\000.\0001\000.\0002\000.\0001\0001\000\040\000r\000e\000a\000d\000M\000e\000s\000s\000a\000g\000e\000\050\000\051}{subsection.7.1.2}% 28
\BOOKMARK [3][-]{subsubsection.7.1.2.12}{\376\377\0007\000.\0001\000.\0002\000.\0001\0002\000\040\000r\000e\000g\000i\000s\000t\000e\000r\000S\000e\000r\000v\000i\000c\000e\000\050\000\051}{subsection.7.1.2}% 29
\BOOKMARK [3][-]{subsubsection.7.1.2.13}{\376\377\0007\000.\0001\000.\0002\000.\0001\0003\000\040\000s\000t\000a\000r\000t\000C\000o\000m\000m\000u\000n\000i\000c\000a\000t\000i\000o\000n\000\050\000\051}{subsection.7.1.2}% 30
\BOOKMARK [2][-]{subsection.7.1.3}{\376\377\0007\000.\0001\000.\0003\000\040\000F\000i\000e\000l\000d\000\040\000D\000o\000c\000u\000m\000e\000n\000t\000a\000t\000i\000o\000n}{section.7.1}% 31
\BOOKMARK [3][-]{subsubsection.7.1.3.1}{\376\377\0007\000.\0001\000.\0003\000.\0001\000\040\000a\000v\000a\000i\000l\000a\000b\000l\000e}{subsection.7.1.3}% 32
\BOOKMARK [3][-]{subsubsection.7.1.3.2}{\376\377\0007\000.\0001\000.\0003\000.\0002\000\040\000c\000l\000o\000c\000k}{subsection.7.1.3}% 33
\BOOKMARK [3][-]{subsubsection.7.1.3.3}{\376\377\0007\000.\0001\000.\0003\000.\0003\000\040\000c\000l\000o\000c\000k\0002}{subsection.7.1.3}% 34
\BOOKMARK [3][-]{subsubsection.7.1.3.4}{\376\377\0007\000.\0001\000.\0003\000.\0004\000\040\000d\000i\000r\000e\000c\000t\000i\000o\000n}{subsection.7.1.3}% 35
\BOOKMARK [3][-]{subsubsection.7.1.3.5}{\376\377\0007\000.\0001\000.\0003\000.\0005\000\040\000e\000x\000i\000t}{subsection.7.1.3}% 36
\BOOKMARK [3][-]{subsubsection.7.1.3.6}{\376\377\0007\000.\0001\000.\0003\000.\0006\000\040\000t\000i\000m\000e}{subsection.7.1.3}% 37
\BOOKMARK [1][-]{section.7.2}{\376\377\0007\000.\0002\000\040\000F\000i\000l\000e\000\040\000C\000l\000a\000s\000s\000\040\000R\000e\000f\000e\000r\000e\000n\000c\000e}{chapter.7}% 38
\BOOKMARK [2][-]{subsection.7.2.1}{\376\377\0007\000.\0002\000.\0001\000\040\000C\000o\000n\000s\000t\000r\000u\000c\000t\000o\000r\000\040\000\046\000\040\000D\000e\000s\000t\000r\000u\000c\000t\000o\000r\000\040\000D\000o\000c\000u\000m\000e\000n\000t\000a\000t\000i\000o\000n}{section.7.2}% 39
\BOOKMARK [3][-]{subsubsection.7.2.1.1}{\376\377\0007\000.\0002\000.\0001\000.\0001\000\040\000F\000i\000l\000e\000\050\000\051}{subsection.7.2.1}% 40
\BOOKMARK [3][-]{subsubsection.7.2.1.2}{\376\377\0007\000.\0002\000.\0001\000.\0002\000\040\000F\000i\000l\000e\000\050\000s\000t\000r\000i\000n\000g\000\040\000p\000a\000t\000h\000,\000\040\000s\000t\000r\000i\000n\000g\000\040\000t\000i\000t\000l\000e\000\051}{subsection.7.2.1}% 41
\BOOKMARK [2][-]{subsection.7.2.2}{\376\377\0007\000.\0002\000.\0002\000\040\000M\000e\000m\000b\000e\000r\000\040\000F\000u\000n\000c\000t\000i\000o\000n\000\040\000D\000o\000c\000u\000m\000e\000n\000t\000a\000t\000i\000o\000n}{section.7.2}% 42
\BOOKMARK [3][-]{subsubsection.7.2.2.1}{\376\377\0007\000.\0002\000.\0002\000.\0001\000\040\000g\000e\000t\000P\000a\000t\000h\000\050\000\051}{subsection.7.2.2}% 43
\BOOKMARK [3][-]{subsubsection.7.2.2.2}{\376\377\0007\000.\0002\000.\0002\000.\0002\000\040\000g\000e\000t\000T\000h\000u\000m\000b\000n\000a\000i\000l\000\050\000\051}{subsection.7.2.2}% 44
\BOOKMARK [3][-]{subsubsection.7.2.2.3}{\376\377\0007\000.\0002\000.\0002\000.\0003\000\040\000g\000e\000t\000T\000h\000u\000m\000b\000n\000a\000i\000l\000P\000a\000t\000h\000\050\000\051}{subsection.7.2.2}% 45
\BOOKMARK [3][-]{subsubsection.7.2.2.4}{\376\377\0007\000.\0002\000.\0002\000.\0004\000\040\000g\000e\000t\000T\000h\000u\000m\000b\000n\000a\000i\000l\000P\000o\000s\000i\000t\000i\000o\000n\000\050\000\051}{subsection.7.2.2}% 46
\BOOKMARK [3][-]{subsubsection.7.2.2.5}{\376\377\0007\000.\0002\000.\0002\000.\0005\000\040\000g\000e\000t\000T\000h\000u\000m\000b\000n\000a\000i\000l\000S\000i\000z\000e\000\050\000\051}{subsection.7.2.2}% 47
\BOOKMARK [3][-]{subsubsection.7.2.2.6}{\376\377\0007\000.\0002\000.\0002\000.\0006\000\040\000g\000e\000t\000T\000h\000u\000m\000b\000n\000a\000i\000l\000T\000e\000x\000t\000u\000r\000e\000\050\000\051}{subsection.7.2.2}% 48
\BOOKMARK [3][-]{subsubsection.7.2.2.7}{\376\377\0007\000.\0002\000.\0002\000.\0007\000\040\000g\000e\000t\000T\000i\000t\000l\000e\000\050\000\051}{subsection.7.2.2}% 49
\BOOKMARK [3][-]{subsubsection.7.2.2.8}{\376\377\0007\000.\0002\000.\0002\000.\0008\000\040\000i\000n\000i\000t\000\050\000\051}{subsection.7.2.2}% 50
\BOOKMARK [3][-]{subsubsection.7.2.2.9}{\376\377\0007\000.\0002\000.\0002\000.\0009\000\040\000m\000o\000v\000e\000T\000h\000u\000m\000b\000n\000a\000i\000l\000\050\000f\000l\000o\000a\000t\000\040\000x\000,\000\040\000f\000l\000o\000a\000t\000\040\000y\000\051}{subsection.7.2.2}% 51
\BOOKMARK [3][-]{subsubsection.7.2.2.10}{\376\377\0007\000.\0002\000.\0002\000.\0001\0000\000\040\000s\000e\000t\000P\000a\000t\000h\000\050\000s\000t\000r\000i\000n\000g\000\040\000p\000a\000t\000h\000\051}{subsection.7.2.2}% 52
\BOOKMARK [3][-]{subsubsection.7.2.2.11}{\376\377\0007\000.\0002\000.\0002\000.\0001\0001\000\040\000s\000e\000t\000T\000h\000u\000m\000b\000n\000a\000i\000l\000P\000a\000t\000h\000\050\000s\000t\000r\000i\000n\000g\000\040\000t\000h\000u\000m\000b\000n\000a\000i\000l\000P\000a\000t\000h\000\051}{subsection.7.2.2}% 53
\BOOKMARK [3][-]{subsubsection.7.2.2.12}{\376\377\0007\000.\0002\000.\0002\000.\0001\0002\000\040\000s\000e\000t\000T\000h\000u\000m\000b\000n\000a\000i\000l\000P\000o\000s\000i\000t\000i\000o\000n\000\050\000f\000l\000o\000a\000t\000\040\000x\000,\000\040\000f\000l\000o\000a\000t\000\040\000y\000\051}{subsection.7.2.2}% 54
\BOOKMARK [3][-]{subsubsection.7.2.2.13}{\376\377\0007\000.\0002\000.\0002\000.\0001\0003\000\040\000s\000e\000t\000T\000h\000u\000m\000b\000n\000a\000i\000l\000S\000c\000a\000l\000e\000\050\000f\000l\000o\000a\000t\000\040\000x\000,\000\040\000f\000l\000o\000a\000t\000\040\000y\000\051}{subsection.7.2.2}% 55
\BOOKMARK [3][-]{subsubsection.7.2.2.14}{\376\377\0007\000.\0002\000.\0002\000.\0001\0004\000\040\000s\000e\000t\000T\000h\000u\000m\000b\000n\000a\000i\000l\000S\000i\000z\000e\000\050\000f\000l\000o\000a\000t\000\040\000x\000,\000\040\000f\000l\000o\000a\000t\000\040\000y\000\051}{subsection.7.2.2}% 56
\BOOKMARK [3][-]{subsubsection.7.2.2.15}{\376\377\0007\000.\0002\000.\0002\000.\0001\0005\000\040\000s\000e\000t\000T\000i\000t\000l\000e\000\050\000s\000t\000r\000i\000n\000g\000\040\000t\000i\000t\000l\000e\000\051}{subsection.7.2.2}% 57
\BOOKMARK [2][-]{subsection.7.2.3}{\376\377\0007\000.\0002\000.\0003\000\040\000F\000i\000e\000l\000d\000\040\000D\000o\000c\000u\000m\000e\000n\000t\000a\000t\000i\000o\000n}{section.7.2}% 58
\BOOKMARK [3][-]{subsubsection.7.2.3.1}{\376\377\0007\000.\0002\000.\0003\000.\0001\000\040\000p\000a\000t\000h}{subsection.7.2.3}% 59
\BOOKMARK [3][-]{subsubsection.7.2.3.2}{\376\377\0007\000.\0002\000.\0003\000.\0002\000\040\000r\000e\000c\000t\000H\000e\000i\000g\000h\000t}{subsection.7.2.3}% 60
\BOOKMARK [3][-]{subsubsection.7.2.3.3}{\376\377\0007\000.\0002\000.\0003\000.\0003\000\040\000r\000e\000c\000t\000W\000i\000d\000t\000h}{subsection.7.2.3}% 61
\BOOKMARK [3][-]{subsubsection.7.2.3.4}{\376\377\0007\000.\0002\000.\0003\000.\0004\000\040\000t\000h\000u\000m\000b\000n\000a\000i\000l}{subsection.7.2.3}% 62
\BOOKMARK [3][-]{subsubsection.7.2.3.5}{\376\377\0007\000.\0002\000.\0003\000.\0005\000\040\000t\000h\000u\000m\000b\000n\000a\000i\000l\000P\000a\000t\000h}{subsection.7.2.3}% 63
\BOOKMARK [3][-]{subsubsection.7.2.3.6}{\376\377\0007\000.\0002\000.\0003\000.\0006\000\040\000t\000h\000u\000m\000b\000n\000a\000i\000l\000T\000e\000x\000t\000u\000r\000e}{subsection.7.2.3}% 64
\BOOKMARK [3][-]{subsubsection.7.2.3.7}{\376\377\0007\000.\0002\000.\0003\000.\0007\000\040\000t\000i\000t\000l\000e}{subsection.7.2.3}% 65
\BOOKMARK [1][-]{section.7.3}{\376\377\0007\000.\0003\000\040\000L\000e\000a\000p\000L\000i\000s\000t\000e\000n\000e\000r\000\040\000C\000l\000a\000s\000s\000\040\000R\000e\000f\000e\000r\000e\000n\000c\000e}{chapter.7}% 66
\BOOKMARK [2][-]{subsection.7.3.1}{\376\377\0007\000.\0003\000.\0001\000\040\000D\000e\000t\000a\000i\000l\000e\000d\000\040\000D\000e\000s\000c\000r\000i\000p\000t\000i\000o\000n}{section.7.3}% 67
\BOOKMARK [2][-]{subsection.7.3.2}{\376\377\0007\000.\0003\000.\0002\000\040\000M\000e\000m\000b\000e\000r\000\040\000F\000u\000n\000c\000t\000i\000o\000n\000\040\000D\000o\000c\000u\000m\000e\000n\000t\000a\000t\000i\000o\000n}{section.7.3}% 68
\BOOKMARK [3][-]{subsubsection.7.3.2.1}{\376\377\0007\000.\0003\000.\0002\000.\0001\000\040\000g\000e\000t\000H\000a\000n\000d\000D\000i\000r\000e\000c\000t\000i\000o\000n\000\050\000\051}{subsection.7.3.2}% 69
\BOOKMARK [3][-]{subsubsection.7.3.2.2}{\376\377\0007\000.\0003\000.\0002\000.\0002\000\040\000g\000e\000t\000H\000a\000n\000d\000s\000L\000i\000s\000t\000\050\000\051}{subsection.7.3.2}% 70
\BOOKMARK [3][-]{subsubsection.7.3.2.3}{\376\377\0007\000.\0003\000.\0002\000.\0003\000\040\000g\000e\000t\000L\000e\000a\000p\000T\000r\000a\000n\000s\000l\000a\000t\000i\000o\000n\000\050\000\051}{subsection.7.3.2}% 71
\BOOKMARK [3][-]{subsubsection.7.3.2.4}{\376\377\0007\000.\0003\000.\0002\000.\0004\000\040\000g\000e\000t\000P\000a\000l\000m\000N\000o\000r\000m\000a\000l\000\050\000\051}{subsection.7.3.2}% 72
\BOOKMARK [3][-]{subsubsection.7.3.2.5}{\376\377\0007\000.\0003\000.\0002\000.\0005\000\040\000o\000n\000C\000o\000n\000n\000e\000c\000t\000\050\000c\000o\000n\000s\000t\000\040\000L\000e\000a\000p\000:\000:\000C\000o\000n\000t\000r\000o\000l\000l\000e\000r\000\040\000\051}{subsection.7.3.2}% 73
\BOOKMARK [3][-]{subsubsection.7.3.2.6}{\376\377\0007\000.\0003\000.\0002\000.\0006\000\040\000o\000n\000D\000i\000s\000c\000o\000n\000n\000e\000c\000t\000\050\000c\000o\000n\000s\000t\000\040\000L\000e\000a\000p\000:\000:\000C\000o\000n\000t\000r\000o\000l\000l\000e\000r\000\040\000\051}{subsection.7.3.2}% 74
\BOOKMARK [3][-]{subsubsection.7.3.2.7}{\376\377\0007\000.\0003\000.\0002\000.\0007\000\040\000o\000n\000E\000x\000i\000t\000\050\000c\000o\000n\000s\000t\000\040\000L\000e\000a\000p\000:\000:\000C\000o\000n\000t\000r\000o\000l\000l\000e\000r\000\040\000\051}{subsection.7.3.2}% 75
\BOOKMARK [3][-]{subsubsection.7.3.2.8}{\376\377\0007\000.\0003\000.\0002\000.\0008\000\040\000o\000n\000F\000r\000a\000m\000e\000\050\000c\000o\000n\000s\000t\000\040\000L\000e\000a\000p\000:\000:\000C\000o\000n\000t\000r\000o\000l\000l\000e\000r\000\040\000\051}{subsection.7.3.2}% 76
\BOOKMARK [3][-]{subsubsection.7.3.2.9}{\376\377\0007\000.\0003\000.\0002\000.\0009\000\040\000o\000n\000I\000n\000i\000t\000\050\000c\000o\000n\000s\000t\000\040\000L\000e\000a\000p\000:\000:\000C\000o\000n\000t\000r\000o\000l\000l\000e\000r\000\040\000\051}{subsection.7.3.2}% 77
\BOOKMARK [3][-]{subsubsection.7.3.2.10}{\376\377\0007\000.\0003\000.\0002\000.\0001\0000\000\040\000o\000n\000S\000e\000r\000v\000i\000c\000e\000C\000o\000n\000n\000e\000c\000t\000\050\000c\000o\000n\000s\000t\000\040\000L\000e\000a\000p\000:\000:\000C\000o\000n\000t\000r\000o\000l\000l\000e\000r\000\040\000\051}{subsection.7.3.2}% 78
\BOOKMARK [3][-]{subsubsection.7.3.2.11}{\376\377\0007\000.\0003\000.\0002\000.\0001\0001\000\040\000o\000n\000S\000e\000r\000v\000i\000c\000e\000D\000i\000s\000c\000o\000n\000n\000e\000c\000t\000\050\000c\000o\000n\000s\000t\000\040\000L\000e\000a\000p\000:\000:\000C\000o\000n\000t\000r\000o\000l\000l\000e\000r\000\040\000\051}{subsection.7.3.2}% 79
\BOOKMARK [2][-]{subsection.7.3.3}{\376\377\0007\000.\0003\000.\0003\000\040\000F\000i\000e\000l\000d\000\040\000D\000o\000c\000u\000m\000e\000n\000t\000a\000t\000i\000o\000n}{section.7.3}% 80
\BOOKMARK [3][-]{subsubsection.7.3.3.1}{\376\377\0007\000.\0003\000.\0003\000.\0001\000\040\000a\000r\000m}{subsection.7.3.3}% 81
\BOOKMARK [3][-]{subsubsection.7.3.3.2}{\376\377\0007\000.\0003\000.\0003\000.\0002\000\040\000c\000u\000r\000r\000e\000n\000t\000F\000r\000a\000m\000e}{subsection.7.3.3}% 82
\BOOKMARK [3][-]{subsubsection.7.3.3.3}{\376\377\0007\000.\0003\000.\0003\000.\0003\000\040\000f\000i\000n\000g\000e\000r\000s}{subsection.7.3.3}% 83
\BOOKMARK [3][-]{subsubsection.7.3.3.4}{\376\377\0007\000.\0003\000.\0003\000.\0004\000\040\000g\000e\000s\000t\000u\000r\000e\000s}{subsection.7.3.3}% 84
\BOOKMARK [3][-]{subsubsection.7.3.3.5}{\376\377\0007\000.\0003\000.\0003\000.\0005\000\040\000h\000a\000n\000d\000D\000i\000r\000e\000c\000t\000i\000o\000n}{subsection.7.3.3}% 85
\BOOKMARK [3][-]{subsubsection.7.3.3.6}{\376\377\0007\000.\0003\000.\0003\000.\0006\000\040\000h\000a\000n\000d\000s}{subsection.7.3.3}% 86
\BOOKMARK [3][-]{subsubsection.7.3.3.7}{\376\377\0007\000.\0003\000.\0003\000.\0007\000\040\000l\000e\000a\000p\000T\000r\000a\000n\000s\000l\000a\000t\000i\000o\000n}{subsection.7.3.3}% 87
\BOOKMARK [3][-]{subsubsection.7.3.3.8}{\376\377\0007\000.\0003\000.\0003\000.\0008\000\040\000p\000a\000l\000m\000N\000o\000r\000m\000a\000l}{subsection.7.3.3}% 88
\BOOKMARK [3][-]{subsubsection.7.3.3.9}{\376\377\0007\000.\0003\000.\0003\000.\0009\000\040\000p\000r\000e\000v\000i\000o\000u\000s\000F\000r\000a\000m\000e}{subsection.7.3.3}% 89
\BOOKMARK [1][-]{section.7.4}{\376\377\0007\000.\0004\000\040\000M\000a\000n\000a\000g\000e\000r\000\040\000C\000l\000a\000s\000s\000\040\000R\000e\000f\000e\000r\000e\000n\000c\000e}{chapter.7}% 90
\BOOKMARK [2][-]{subsection.7.4.1}{\376\377\0007\000.\0004\000.\0001\000\040\000C\000o\000n\000s\000t\000r\000u\000c\000t\000o\000r\000\040\000\046\000\040\000D\000e\000s\000t\000r\000u\000c\000t\000o\000r\000\040\000D\000o\000c\000u\000m\000e\000n\000t\000a\000t\000i\000o\000n}{section.7.4}% 91
\BOOKMARK [3][-]{subsubsection.7.4.1.1}{\376\377\0007\000.\0004\000.\0001\000.\0001\000\040\000M\000a\000n\000a\000g\000e\000r\000\050\000\051}{subsection.7.4.1}% 92
\BOOKMARK [2][-]{subsection.7.4.2}{\376\377\0007\000.\0004\000.\0002\000\040\000M\000e\000m\000b\000e\000r\000\040\000F\000u\000n\000c\000t\000i\000o\000n\000\040\000D\000o\000c\000u\000m\000e\000n\000t\000a\000t\000i\000o\000n}{section.7.4}% 93
\BOOKMARK [3][-]{subsubsection.7.4.2.1}{\376\377\0007\000.\0004\000.\0002\000.\0001\000\040\000c\000h\000a\000n\000g\000e\000S\000t\000a\000t\000u\000s\000\050\000\051}{subsection.7.4.2}% 94
\BOOKMARK [3][-]{subsubsection.7.4.2.2}{\376\377\0007\000.\0004\000.\0002\000.\0002\000\040\000c\000h\000e\000c\000k\000E\000r\000r\000o\000r\000s\000\050\000\051}{subsection.7.4.2}% 95
\BOOKMARK [3][-]{subsubsection.7.4.2.3}{\376\377\0007\000.\0004\000.\0002\000.\0003\000\040\000d\000r\000a\000w\000G\000L\000\050\000\051}{subsection.7.4.2}% 96
\BOOKMARK [3][-]{subsubsection.7.4.2.4}{\376\377\0007\000.\0004\000.\0002\000.\0004\000\040\000d\000r\000a\000w\000O\000b\000j\000e\000c\000t\000s\000\050\000v\000e\000c\000t\000o\000r\000<\000\040\000D\000r\000a\000w\000a\000b\000l\000e\000\040\000*\000\040\000>\000\040\000t\000o\000D\000r\000a\000w\000\051}{subsection.7.4.2}% 97
\BOOKMARK [3][-]{subsubsection.7.4.2.5}{\376\377\0007\000.\0004\000.\0002\000.\0005\000\040\000d\000r\000a\000w\000O\000n\000\050\000v\000e\000c\000t\000o\000r\000<\000\040\000D\000r\000a\000w\000a\000b\000l\000e\000\040\000*\000\040\000>\000\040\000t\000o\000D\000r\000a\000w\000\051}{subsection.7.4.2}% 98
\BOOKMARK [3][-]{subsubsection.7.4.2.6}{\376\377\0007\000.\0004\000.\0002\000.\0006\000\040\000i\000n\000i\000t\000\050\000\051}{subsection.7.4.2}% 99
\BOOKMARK [3][-]{subsubsection.7.4.2.7}{\376\377\0007\000.\0004\000.\0002\000.\0007\000\040\000i\000n\000i\000t\000L\000e\000a\000p\000\050\000\051}{subsection.7.4.2}% 100
\BOOKMARK [3][-]{subsubsection.7.4.2.8}{\376\377\0007\000.\0004\000.\0002\000.\0008\000\040\000i\000n\000i\000t\000M\000y\000o\000\050\000\051}{subsection.7.4.2}% 101
\BOOKMARK [3][-]{subsubsection.7.4.2.9}{\376\377\0007\000.\0004\000.\0002\000.\0009\000\040\000l\000e\000a\000p\000T\000r\000a\000n\000s\000f\000o\000r\000m\000\050\000m\000a\000t\0004\000\040\000m\000o\000d\000e\000l\000M\000a\000t\000r\000i\000x\000\051}{subsection.7.4.2}% 102
\BOOKMARK [3][-]{subsubsection.7.4.2.10}{\376\377\0007\000.\0004\000.\0002\000.\0001\0000\000\040\000m\000a\000n\000a\000g\000e\000B\000l\000u\000e\000t\000o\000o\000t\000h\000\050\000\051}{subsection.7.4.2}% 103
\BOOKMARK [3][-]{subsubsection.7.4.2.11}{\376\377\0007\000.\0004\000.\0002\000.\0001\0001\000\040\000m\000a\000n\000a\000g\000e\000G\000a\000m\000e\000s\000\050\000\051}{subsection.7.4.2}% 104
\BOOKMARK [3][-]{subsubsection.7.4.2.12}{\376\377\0007\000.\0004\000.\0002\000.\0001\0002\000\040\000m\000a\000n\000a\000g\000e\000M\000e\000n\000u\000\050\000\051}{subsection.7.4.2}% 105
\BOOKMARK [3][-]{subsubsection.7.4.2.13}{\376\377\0007\000.\0004\000.\0002\000.\0001\0003\000\040\000m\000a\000n\000a\000g\000e\000M\000y\000o\000\050\000\051}{subsection.7.4.2}% 106
\BOOKMARK [3][-]{subsubsection.7.4.2.14}{\376\377\0007\000.\0004\000.\0002\000.\0001\0004\000\040\000m\000a\000n\000a\000g\000e\000S\000e\000t\000t\000i\000n\000g\000s\000\050\000\051}{subsection.7.4.2}% 107
\BOOKMARK [3][-]{subsubsection.7.4.2.15}{\376\377\0007\000.\0004\000.\0002\000.\0001\0005\000\040\000m\000a\000n\000a\000g\000e\000T\000h\000r\000e\000e\000D\000\050\000\051}{subsection.7.4.2}% 108
\BOOKMARK [3][-]{subsubsection.7.4.2.16}{\376\377\0007\000.\0004\000.\0002\000.\0001\0006\000\040\000m\000a\000n\000a\000g\000e\000V\000i\000d\000e\000o\000s\000\050\000\051}{subsection.7.4.2}% 109
\BOOKMARK [3][-]{subsubsection.7.4.2.17}{\376\377\0007\000.\0004\000.\0002\000.\0001\0007\000\040\000p\000l\000a\000y\000V\000i\000d\000e\000o\000\050\000s\000f\000e\000:\000:\000M\000o\000v\000i\000e\000\040\000*\000m\000o\000v\000i\000e\000\051}{subsection.7.4.2}% 110
\BOOKMARK [3][-]{subsubsection.7.4.2.18}{\376\377\0007\000.\0004\000.\0002\000.\0001\0008\000\040\000r\000u\000n\000\050\000\051}{subsection.7.4.2}% 111
\BOOKMARK [3][-]{subsubsection.7.4.2.19}{\376\377\0007\000.\0004\000.\0002\000.\0001\0009\000\040\000s\000p\000l\000a\000s\000h\000S\000c\000r\000e\000e\000n\000\050\000\051}{subsection.7.4.2}% 112
\BOOKMARK [3][-]{subsubsection.7.4.2.20}{\376\377\0007\000.\0004\000.\0002\000.\0002\0000\000\040\000w\000i\000n\000d\000o\000w\000E\000v\000e\000n\000t\000s\000\050\000\051}{subsection.7.4.2}% 113
\BOOKMARK [2][-]{subsection.7.4.3}{\376\377\0007\000.\0004\000.\0003\000\040\000F\000i\000e\000l\000d\000\040\000D\000o\000c\000u\000m\000e\000n\000t\000a\000t\000i\000o\000n}{section.7.4}% 114
\BOOKMARK [3][-]{subsubsection.7.4.3.1}{\376\377\0007\000.\0004\000.\0003\000.\0001\000\040\000a\000n\000g\000l\000e\000X}{subsection.7.4.3}% 115
\BOOKMARK [3][-]{subsubsection.7.4.3.2}{\376\377\0007\000.\0004\000.\0003\000.\0002\000\040\000a\000n\000g\000l\000e\000Y}{subsection.7.4.3}% 116
\BOOKMARK [3][-]{subsubsection.7.4.3.3}{\376\377\0007\000.\0004\000.\0003\000.\0003\000\040\000a\000n\000g\000l\000e\000Z}{subsection.7.4.3}% 117
\BOOKMARK [3][-]{subsubsection.7.4.3.4}{\376\377\0007\000.\0004\000.\0003\000.\0004\000\040\000b\000l\000u\000e\000t\000o\000o\000t\000h}{subsection.7.4.3}% 118
\BOOKMARK [3][-]{subsubsection.7.4.3.5}{\376\377\0007\000.\0004\000.\0003\000.\0005\000\040\000c\000D\000e\000b}{subsection.7.4.3}% 119
\BOOKMARK [3][-]{subsubsection.7.4.3.6}{\376\377\0007\000.\0004\000.\0003\000.\0006\000\040\000c\000u\000r\000r\000e\000n\000t\000S\000t\000a\000t\000u\000s}{subsection.7.4.3}% 120
\BOOKMARK [3][-]{subsubsection.7.4.3.7}{\376\377\0007\000.\0004\000.\0003\000.\0007\000\040\000d\000r\000a\000w\000W\000i\000t\000h\000G\000L}{subsection.7.4.3}% 121
\BOOKMARK [3][-]{subsubsection.7.4.3.8}{\376\377\0007\000.\0004\000.\0003\000.\0008\000\040\000e\000n\000t\000e\000r\000P\000r\000e\000s\000s\000e\000d}{subsection.7.4.3}% 122
\BOOKMARK [3][-]{subsubsection.7.4.3.9}{\376\377\0007\000.\0004\000.\0003\000.\0009\000\040\000e\000s\000c\000a\000p\000e\000P\000r\000e\000s\000s\000e\000d}{subsection.7.4.3}% 123
\BOOKMARK [3][-]{subsubsection.7.4.3.10}{\376\377\0007\000.\0004\000.\0003\000.\0001\0000\000\040\000f\000i\000r\000s\000t\000M\000y\000o\000P\000o\000s\000e}{subsection.7.4.3}% 124
\BOOKMARK [3][-]{subsubsection.7.4.3.11}{\376\377\0007\000.\0004\000.\0003\000.\0001\0001\000\040\000f\000u\000l\000l\000s\000c\000r\000e\000e\000n}{subsection.7.4.3}% 125
\BOOKMARK [3][-]{subsubsection.7.4.3.12}{\376\377\0007\000.\0004\000.\0003\000.\0001\0002\000\040\000h\000e\000i\000g\000h\000t\0003\000D}{subsection.7.4.3}% 126
\BOOKMARK [3][-]{subsubsection.7.4.3.13}{\376\377\0007\000.\0004\000.\0003\000.\0001\0003\000\040\000h\000u\000b}{subsection.7.4.3}% 127
\BOOKMARK [3][-]{subsubsection.7.4.3.14}{\376\377\0007\000.\0004\000.\0003\000.\0001\0004\000\040\000l\000e\000a\000p\000C\000o\000n\000t\000r\000o\000l\000l\000e\000r}{subsection.7.4.3}% 128
\BOOKMARK [3][-]{subsubsection.7.4.3.15}{\376\377\0007\000.\0004\000.\0003\000.\0001\0005\000\040\000l\000e\000a\000p\000L\000i\000s\000t\000e\000n\000e\000r}{subsection.7.4.3}% 129
\BOOKMARK [3][-]{subsubsection.7.4.3.16}{\376\377\0007\000.\0004\000.\0003\000.\0001\0006\000\040\000l\000o\000a\000d\000C\000h\000e\000c\000k}{subsection.7.4.3}% 130
\BOOKMARK [3][-]{subsubsection.7.4.3.17}{\376\377\0007\000.\0004\000.\0003\000.\0001\0007\000\040\000m\000e\000n\000u}{subsection.7.4.3}% 131
\BOOKMARK [3][-]{subsubsection.7.4.3.18}{\376\377\0007\000.\0004\000.\0003\000.\0001\0008\000\040\000m\000y\000o\000A\000r\000m\000b\000a\000n\000d}{subsection.7.4.3}% 132
\BOOKMARK [3][-]{subsubsection.7.4.3.19}{\376\377\0007\000.\0004\000.\0003\000.\0001\0009\000\040\000m\000y\000o\000C\000o\000n\000n\000e\000c\000t\000o\000r}{subsection.7.4.3}% 133
\BOOKMARK [3][-]{subsubsection.7.4.3.20}{\376\377\0007\000.\0004\000.\0003\000.\0002\0000\000\040\000m\000y\000o\000C\000u\000r\000r\000e\000n\000t\000P\000o\000s\000e}{subsection.7.4.3}% 134
\BOOKMARK [3][-]{subsubsection.7.4.3.21}{\376\377\0007\000.\0004\000.\0003\000.\0002\0001\000\040\000m\000y\000o\000D\000i\000r\000e\000c\000t\000i\000o\000n\000s}{subsection.7.4.3}% 135
\BOOKMARK [3][-]{subsubsection.7.4.3.22}{\376\377\0007\000.\0004\000.\0003\000.\0002\0002\000\040\000m\000y\000o\000L\000a\000s\000t\000P\000o\000s\000e}{subsection.7.4.3}% 136
\BOOKMARK [3][-]{subsubsection.7.4.3.23}{\376\377\0007\000.\0004\000.\0003\000.\0002\0003\000\040\000m\000y\000o\000M\000a\000n\000a\000g\000e\000r}{subsection.7.4.3}% 137
\BOOKMARK [3][-]{subsubsection.7.4.3.24}{\376\377\0007\000.\0004\000.\0003\000.\0002\0004\000\040\000s\000e\000t\000t\000i\000n\000g\000s}{subsection.7.4.3}% 138
\BOOKMARK [3][-]{subsubsection.7.4.3.25}{\376\377\0007\000.\0004\000.\0003\000.\0002\0005\000\040\000t\000D\000e\000b}{subsection.7.4.3}% 139
\BOOKMARK [3][-]{subsubsection.7.4.3.26}{\376\377\0007\000.\0004\000.\0003\000.\0002\0006\000\040\000t\000h\000r\000e\000e\000D}{subsection.7.4.3}% 140
\BOOKMARK [3][-]{subsubsection.7.4.3.27}{\376\377\0007\000.\0004\000.\0003\000.\0002\0007\000\040\000v\000i\000d\000e\000o}{subsection.7.4.3}% 141
\BOOKMARK [3][-]{subsubsection.7.4.3.28}{\376\377\0007\000.\0004\000.\0003\000.\0002\0008\000\040\000V\000I\000E\000W\000D\000I\000M\000E\000N\000S\000I\000O\000N}{subsection.7.4.3}% 142
\BOOKMARK [3][-]{subsubsection.7.4.3.29}{\376\377\0007\000.\0004\000.\0003\000.\0002\0009\000\040\000V\000I\000E\000W\000D\000I\000M\000E\000N\000S\000I\000O\000N\000X}{subsection.7.4.3}% 143
\BOOKMARK [3][-]{subsubsection.7.4.3.30}{\376\377\0007\000.\0004\000.\0003\000.\0003\0000\000\040\000V\000I\000E\000W\000D\000I\000M\000E\000N\000S\000I\000O\000N\000Y}{subsection.7.4.3}% 144
\BOOKMARK [3][-]{subsubsection.7.4.3.31}{\376\377\0007\000.\0004\000.\0003\000.\0003\0001\000\040\000V\000I\000E\000W\000P\000O\000S\000I\000T\000I\000O\000N\000B\000O\000T\000T\000O\000M\000X}{subsection.7.4.3}% 145
\BOOKMARK [3][-]{subsubsection.7.4.3.32}{\376\377\0007\000.\0004\000.\0003\000.\0003\0002\000\040\000V\000I\000E\000W\000P\000O\000S\000I\000T\000I\000O\000N\000B\000O\000T\000T\000O\000M\000Y}{subsection.7.4.3}% 146
\BOOKMARK [3][-]{subsubsection.7.4.3.33}{\376\377\0007\000.\0004\000.\0003\000.\0003\0003\000\040\000V\000I\000E\000W\000P\000O\000S\000I\000T\000I\000O\000N\000L\000E\000F\000T\000X}{subsection.7.4.3}% 147
\BOOKMARK [3][-]{subsubsection.7.4.3.34}{\376\377\0007\000.\0004\000.\0003\000.\0003\0004\000\040\000V\000I\000E\000W\000P\000O\000S\000I\000T\000I\000O\000N\000L\000E\000F\000T\000Y}{subsection.7.4.3}% 148
\BOOKMARK [3][-]{subsubsection.7.4.3.35}{\376\377\0007\000.\0004\000.\0003\000.\0003\0005\000\040\000V\000I\000E\000W\000P\000O\000S\000I\000T\000I\000O\000N\000R\000I\000G\000H\000T\000X}{subsection.7.4.3}% 149
\BOOKMARK [3][-]{subsubsection.7.4.3.36}{\376\377\0007\000.\0004\000.\0003\000.\0003\0006\000\040\000V\000I\000E\000W\000P\000O\000S\000I\000T\000I\000O\000N\000R\000I\000G\000H\000T\000Y}{subsection.7.4.3}% 150
\BOOKMARK [3][-]{subsubsection.7.4.3.37}{\376\377\0007\000.\0004\000.\0003\000.\0003\0007\000\040\000V\000I\000E\000W\000P\000O\000S\000I\000T\000I\000O\000N\000T\000O\000P\000X}{subsection.7.4.3}% 151
\BOOKMARK [3][-]{subsubsection.7.4.3.38}{\376\377\0007\000.\0004\000.\0003\000.\0003\0008\000\040\000V\000I\000E\000W\000P\000O\000S\000I\000T\000I\000O\000N\000T\000O\000P\000Y}{subsection.7.4.3}% 152
\BOOKMARK [3][-]{subsubsection.7.4.3.39}{\376\377\0007\000.\0004\000.\0003\000.\0003\0009\000\040\000v\000i\000e\000w\000B\000o\000t\000t\000o\000m}{subsection.7.4.3}% 153
\BOOKMARK [3][-]{subsubsection.7.4.3.40}{\376\377\0007\000.\0004\000.\0003\000.\0004\0000\000\040\000v\000i\000e\000w\000H\000e\000i\000g\000h\000t}{subsection.7.4.3}% 154
\BOOKMARK [3][-]{subsubsection.7.4.3.41}{\376\377\0007\000.\0004\000.\0003\000.\0004\0001\000\040\000v\000i\000e\000w\000L\000e\000f\000t}{subsection.7.4.3}% 155
\BOOKMARK [3][-]{subsubsection.7.4.3.42}{\376\377\0007\000.\0004\000.\0003\000.\0004\0002\000\040\000v\000i\000e\000w\000R\000i\000g\000h\000t}{subsection.7.4.3}% 156
\BOOKMARK [3][-]{subsubsection.7.4.3.43}{\376\377\0007\000.\0004\000.\0003\000.\0004\0003\000\040\000v\000i\000e\000w\000T\000o\000p}{subsection.7.4.3}% 157
\BOOKMARK [3][-]{subsubsection.7.4.3.44}{\376\377\0007\000.\0004\000.\0003\000.\0004\0004\000\040\000v\000i\000e\000w\000W\000i\000d\000t\000h}{subsection.7.4.3}% 158
\BOOKMARK [3][-]{subsubsection.7.4.3.45}{\376\377\0007\000.\0004\000.\0003\000.\0004\0005\000\040\000w\000i\000d\000t\000h\0003\000D}{subsection.7.4.3}% 159
\BOOKMARK [3][-]{subsubsection.7.4.3.46}{\376\377\0007\000.\0004\000.\0003\000.\0004\0006\000\040\000w\000i\000n\000d\000o\000w}{subsection.7.4.3}% 160
\BOOKMARK [3][-]{subsubsection.7.4.3.47}{\376\377\0007\000.\0004\000.\0003\000.\0004\0007\000\040\000z\000o\000o\000m}{subsection.7.4.3}% 161
\BOOKMARK [1][-]{section.7.5}{\376\377\0007\000.\0005\000\040\000M\000e\000n\000u\000\040\000C\000l\000a\000s\000s\000\040\000R\000e\000f\000e\000r\000e\000n\000c\000e}{chapter.7}% 162
\BOOKMARK [2][-]{subsection.7.5.1}{\376\377\0007\000.\0005\000.\0001\000\040\000C\000o\000n\000s\000t\000r\000u\000c\000t\000o\000r\000\040\000\046\000\040\000D\000e\000s\000t\000r\000u\000c\000t\000o\000r\000\040\000D\000o\000c\000u\000m\000e\000n\000t\000a\000t\000i\000o\000n}{section.7.5}% 163
\BOOKMARK [3][-]{subsubsection.7.5.1.1}{\376\377\0007\000.\0005\000.\0001\000.\0001\000\040\000M\000e\000n\000u\000\050\000\051}{subsection.7.5.1}% 164
\BOOKMARK [2][-]{subsection.7.5.2}{\376\377\0007\000.\0005\000.\0002\000\040\000M\000e\000m\000b\000e\000r\000\040\000F\000u\000n\000c\000t\000i\000o\000n\000\040\000D\000o\000c\000u\000m\000e\000n\000t\000a\000t\000i\000o\000n}{section.7.5}% 165
\BOOKMARK [3][-]{subsubsection.7.5.2.1}{\376\377\0007\000.\0005\000.\0002\000.\0001\000\040\000a\000n\000i\000m\000a\000t\000e\000D\000o\000w\000n\000\050\000\051}{subsection.7.5.2}% 166
\BOOKMARK [3][-]{subsubsection.7.5.2.2}{\376\377\0007\000.\0005\000.\0002\000.\0002\000\040\000a\000n\000i\000m\000a\000t\000e\000L\000e\000f\000t\000\050\000\051}{subsection.7.5.2}% 167
\BOOKMARK [3][-]{subsubsection.7.5.2.3}{\376\377\0007\000.\0005\000.\0002\000.\0003\000\040\000a\000n\000i\000m\000a\000t\000e\000R\000i\000g\000h\000t\000\050\000\051}{subsection.7.5.2}% 168
\BOOKMARK [3][-]{subsubsection.7.5.2.4}{\376\377\0007\000.\0005\000.\0002\000.\0004\000\040\000a\000n\000i\000m\000a\000t\000e\000U\000p\000\050\000\051}{subsection.7.5.2}% 169
\BOOKMARK [3][-]{subsubsection.7.5.2.5}{\376\377\0007\000.\0005\000.\0002\000.\0005\000\040\000c\000h\000e\000c\000k\000P\000o\000s\000i\000t\000i\000o\000n\000s\000\050\000\051}{subsection.7.5.2}% 170
\BOOKMARK [3][-]{subsubsection.7.5.2.6}{\376\377\0007\000.\0005\000.\0002\000.\0006\000\040\000g\000e\000t\000C\000u\000r\000r\000e\000n\000t\000S\000t\000a\000t\000u\000s\000\050\000\051}{subsection.7.5.2}% 171
\BOOKMARK [3][-]{subsubsection.7.5.2.7}{\376\377\0007\000.\0005\000.\0002\000.\0007\000\040\000g\000e\000t\000D\000o\000w\000n\000A\000n\000i\000m\000a\000t\000i\000o\000n\000\050\000\051}{subsection.7.5.2}% 172
\BOOKMARK [3][-]{subsubsection.7.5.2.8}{\376\377\0007\000.\0005\000.\0002\000.\0008\000\040\000g\000e\000t\000L\000e\000f\000t\000A\000n\000i\000m\000a\000t\000i\000o\000n\000\050\000\051}{subsection.7.5.2}% 173
\BOOKMARK [3][-]{subsubsection.7.5.2.9}{\376\377\0007\000.\0005\000.\0002\000.\0009\000\040\000g\000e\000t\000O\000b\000j\000e\000c\000t\000s\000V\000e\000c\000t\000o\000r\000\050\000\051}{subsection.7.5.2}% 174
\BOOKMARK [3][-]{subsubsection.7.5.2.10}{\376\377\0007\000.\0005\000.\0002\000.\0001\0000\000\040\000g\000e\000t\000R\000i\000g\000h\000t\000A\000n\000i\000m\000a\000t\000i\000o\000n\000\050\000\051}{subsection.7.5.2}% 175
\BOOKMARK [3][-]{subsubsection.7.5.2.11}{\376\377\0007\000.\0005\000.\0002\000.\0001\0001\000\040\000g\000e\000t\000U\000p\000A\000n\000i\000m\000a\000t\000i\000o\000n\000\050\000\051}{subsection.7.5.2}% 176
\BOOKMARK [3][-]{subsubsection.7.5.2.12}{\376\377\0007\000.\0005\000.\0002\000.\0001\0002\000\040\000i\000n\000i\000t\000\050\000\051}{subsection.7.5.2}% 177
\BOOKMARK [3][-]{subsubsection.7.5.2.13}{\376\377\0007\000.\0005\000.\0002\000.\0001\0003\000\040\000m\000e\000n\000u\000E\000v\000e\000n\000t\000s\000\050\000\051}{subsection.7.5.2}% 178
\BOOKMARK [3][-]{subsubsection.7.5.2.14}{\376\377\0007\000.\0005\000.\0002\000.\0001\0004\000\040\000s\000e\000t\000D\000o\000w\000n\000A\000n\000i\000m\000a\000t\000i\000o\000n\000\050\000b\000o\000o\000l\000\040\000d\000o\000w\000n\000A\000n\000i\000m\000a\000t\000i\000o\000n\000\051}{subsection.7.5.2}% 179
\BOOKMARK [3][-]{subsubsection.7.5.2.15}{\376\377\0007\000.\0005\000.\0002\000.\0001\0005\000\040\000s\000e\000t\000L\000e\000f\000t\000A\000n\000i\000m\000a\000t\000i\000o\000n\000\050\000b\000o\000o\000l\000\040\000l\000e\000f\000t\000A\000n\000i\000m\000a\000t\000i\000o\000n\000\051}{subsection.7.5.2}% 180
\BOOKMARK [3][-]{subsubsection.7.5.2.16}{\376\377\0007\000.\0005\000.\0002\000.\0001\0006\000\040\000s\000e\000t\000P\000o\000s\000i\000t\000i\000o\000n\000s\000\050\000\051}{subsection.7.5.2}% 181
\BOOKMARK [3][-]{subsubsection.7.5.2.17}{\376\377\0007\000.\0005\000.\0002\000.\0001\0007\000\040\000s\000e\000t\000R\000i\000g\000h\000t\000A\000n\000i\000m\000a\000t\000i\000o\000n\000\050\000b\000o\000o\000l\000\040\000r\000i\000g\000h\000t\000A\000n\000i\000m\000a\000t\000i\000o\000n\000\051}{subsection.7.5.2}% 182
\BOOKMARK [3][-]{subsubsection.7.5.2.18}{\376\377\0007\000.\0005\000.\0002\000.\0001\0008\000\040\000s\000e\000t\000U\000p\000A\000n\000i\000m\000a\000t\000i\000o\000n\000\050\000b\000o\000o\000l\000\040\000u\000p\000A\000n\000i\000m\000a\000t\000i\000o\000n\000\051}{subsection.7.5.2}% 183
\BOOKMARK [2][-]{subsection.7.5.3}{\376\377\0007\000.\0005\000.\0003\000\040\000F\000i\000e\000l\000d\000\040\000D\000o\000c\000u\000m\000e\000n\000t\000a\000t\000i\000o\000n}{section.7.5}% 184
\BOOKMARK [3][-]{subsubsection.7.5.3.1}{\376\377\0007\000.\0005\000.\0003\000.\0001\000\040\000a\000n\000i\000m\000a\000t\000i\000o\000n\000S\000p\000e\000e\000d}{subsection.7.5.3}% 185
\BOOKMARK [3][-]{subsubsection.7.5.3.2}{\376\377\0007\000.\0005\000.\0003\000.\0002\000\040\000a\000n\000i\000m\000a\000t\000i\000o\000n\000T\000i\000m\000e}{subsection.7.5.3}% 186
\BOOKMARK [3][-]{subsubsection.7.5.3.3}{\376\377\0007\000.\0005\000.\0003\000.\0003\000\040\000d\000o\000w\000n\000A\000n\000i\000m\000a\000t\000i\000o\000n}{subsection.7.5.3}% 187
\BOOKMARK [3][-]{subsubsection.7.5.3.4}{\376\377\0007\000.\0005\000.\0003\000.\0004\000\040\000f\000i\000r\000s\000t}{subsection.7.5.3}% 188
\BOOKMARK [3][-]{subsubsection.7.5.3.5}{\376\377\0007\000.\0005\000.\0003\000.\0005\000\040\000f\000i\000r\000s\000t\000T\000e\000x\000t\000P\000o\000s\000i\000t\000i\000o\000n}{subsection.7.5.3}% 189
\BOOKMARK [3][-]{subsubsection.7.5.3.6}{\376\377\0007\000.\0005\000.\0003\000.\0006\000\040\000l\000e\000f\000t\000A\000n\000i\000m\000a\000t\000i\000o\000n}{subsection.7.5.3}% 190
\BOOKMARK [3][-]{subsubsection.7.5.3.7}{\376\377\0007\000.\0005\000.\0003\000.\0007\000\040\000l\000e\000f\000t\000P\000o\000s\000i\000t\000i\000o\000n}{subsection.7.5.3}% 191
\BOOKMARK [3][-]{subsubsection.7.5.3.8}{\376\377\0007\000.\0005\000.\0003\000.\0008\000\040\000m\000e\000n\000u\000F\000o\000n\000t}{subsection.7.5.3}% 192
\BOOKMARK [3][-]{subsubsection.7.5.3.9}{\376\377\0007\000.\0005\000.\0003\000.\0009\000\040\000m\000e\000n\000u\000T\000e\000x\000t\000s}{subsection.7.5.3}% 193
\BOOKMARK [3][-]{subsubsection.7.5.3.10}{\376\377\0007\000.\0005\000.\0003\000.\0001\0000\000\040\000n\000T\000e\000x\000t}{subsection.7.5.3}% 194
\BOOKMARK [3][-]{subsubsection.7.5.3.11}{\376\377\0007\000.\0005\000.\0003\000.\0001\0001\000\040\000o\000u\000t\000P\000o\000s\000i\000t\000i\000o\000n}{subsection.7.5.3}% 195
\BOOKMARK [3][-]{subsubsection.7.5.3.12}{\376\377\0007\000.\0005\000.\0003\000.\0001\0002\000\040\000r\000i\000g\000h\000t\000A\000n\000i\000m\000a\000t\000i\000o\000n}{subsection.7.5.3}% 196
\BOOKMARK [3][-]{subsubsection.7.5.3.13}{\376\377\0007\000.\0005\000.\0003\000.\0001\0003\000\040\000r\000i\000g\000h\000t\000P\000o\000s\000i\000t\000i\000o\000n}{subsection.7.5.3}% 197
\BOOKMARK [3][-]{subsubsection.7.5.3.14}{\376\377\0007\000.\0005\000.\0003\000.\0001\0004\000\040\000s\000c\000a\000l\000e\000F\000a\000c\000t\000o\000r}{subsection.7.5.3}% 198
\BOOKMARK [3][-]{subsubsection.7.5.3.15}{\376\377\0007\000.\0005\000.\0003\000.\0001\0005\000\040\000s\000p\000e\000e\000d\000s}{subsection.7.5.3}% 199
\BOOKMARK [3][-]{subsubsection.7.5.3.16}{\376\377\0007\000.\0005\000.\0003\000.\0001\0006\000\040\000s\000t\000e\000p\000C\000o\000u\000n\000t\000e\000r}{subsection.7.5.3}% 200
\BOOKMARK [3][-]{subsubsection.7.5.3.17}{\376\377\0007\000.\0005\000.\0003\000.\0001\0007\000\040\000s\000t\000r\000i\000p}{subsection.7.5.3}% 201
\BOOKMARK [3][-]{subsubsection.7.5.3.18}{\376\377\0007\000.\0005\000.\0003\000.\0001\0008\000\040\000t\000e\000x\000t\000S\000i\000z\000e}{subsection.7.5.3}% 202
\BOOKMARK [3][-]{subsubsection.7.5.3.19}{\376\377\0007\000.\0005\000.\0003\000.\0001\0009\000\040\000t\000o\000D\000r\000a\000w}{subsection.7.5.3}% 203
\BOOKMARK [3][-]{subsubsection.7.5.3.20}{\376\377\0007\000.\0005\000.\0003\000.\0002\0000\000\040\000u\000p\000A\000n\000i\000m\000a\000t\000i\000o\000n}{subsection.7.5.3}% 204
\BOOKMARK [1][-]{section.7.6}{\376\377\0007\000.\0006\000\040\000M\000e\000s\000h\000\040\000C\000l\000a\000s\000s\000\040\000R\000e\000f\000e\000r\000e\000n\000c\000e}{chapter.7}% 205
\BOOKMARK [2][-]{subsection.7.6.1}{\376\377\0007\000.\0006\000.\0001\000\040\000C\000o\000n\000s\000t\000r\000u\000c\000t\000o\000r\000\040\000\046\000\040\000D\000e\000s\000t\000r\000u\000c\000t\000o\000r\000\040\000D\000o\000c\000u\000m\000e\000n\000t\000a\000t\000i\000o\000n}{section.7.6}% 206
\BOOKMARK [3][-]{subsubsection.7.6.1.1}{\376\377\0007\000.\0006\000.\0001\000.\0001\000\040\000M\000e\000s\000h\000\050\000v\000e\000c\000t\000o\000r\000<\000\040\000v\000e\000r\000t\000e\000x\000\040\000>\000\040\000v\000e\000r\000t\000i\000c\000e\000s\000,\000\040\000v\000e\000c\000t\000o\000r\000<\000\040\000G\000L\000u\000i\000n\000t\000\040\000>\000\040\000i\000n\000d\000i\000c\000e\000s\000,\000\040\000v\000e\000c\000t\000o\000r\000<\000\040\000t\000e\000x\000t\000u\000r\000e\000\040\000>\000\040\000t\000e\000x\000t\000u\000r\000e\000s\000\051}{subsection.7.6.1}% 207
\BOOKMARK [2][-]{subsection.7.6.2}{\376\377\0007\000.\0006\000.\0002\000\040\000M\000e\000m\000b\000e\000r\000\040\000F\000u\000n\000c\000t\000i\000o\000n\000\040\000D\000o\000c\000u\000m\000e\000n\000t\000a\000t\000i\000o\000n}{section.7.6}% 208
\BOOKMARK [3][-]{subsubsection.7.6.2.1}{\376\377\0007\000.\0006\000.\0002\000.\0001\000\040\000d\000r\000a\000w\000\050\000s\000h\000:\000:\000S\000h\000a\000d\000e\000r\000\040\000s\000h\000a\000d\000e\000r\000\051}{subsection.7.6.2}% 209
\BOOKMARK [3][-]{subsubsection.7.6.2.2}{\376\377\0007\000.\0006\000.\0002\000.\0002\000\040\000i\000n\000i\000t\000\050\000\051}{subsection.7.6.2}% 210
\BOOKMARK [2][-]{subsection.7.6.3}{\376\377\0007\000.\0006\000.\0003\000\040\000F\000i\000e\000l\000d\000\040\000D\000o\000c\000u\000m\000e\000n\000t\000a\000t\000i\000o\000n}{section.7.6}% 211
\BOOKMARK [3][-]{subsubsection.7.6.3.1}{\376\377\0007\000.\0006\000.\0003\000.\0001\000\040\000E\000B\000O}{subsection.7.6.3}% 212
\BOOKMARK [3][-]{subsubsection.7.6.3.2}{\376\377\0007\000.\0006\000.\0003\000.\0002\000\040\000i\000n\000d\000i\000c\000e\000s}{subsection.7.6.3}% 213
\BOOKMARK [3][-]{subsubsection.7.6.3.3}{\376\377\0007\000.\0006\000.\0003\000.\0003\000\040\000t\000e\000x\000t\000u\000r\000e\000s}{subsection.7.6.3}% 214
\BOOKMARK [3][-]{subsubsection.7.6.3.4}{\376\377\0007\000.\0006\000.\0003\000.\0004\000\040\000V\000A\000O}{subsection.7.6.3}% 215
\BOOKMARK [3][-]{subsubsection.7.6.3.5}{\376\377\0007\000.\0006\000.\0003\000.\0005\000\040\000V\000B\000O}{subsection.7.6.3}% 216
\BOOKMARK [3][-]{subsubsection.7.6.3.6}{\376\377\0007\000.\0006\000.\0003\000.\0006\000\040\000v\000e\000r\000t\000i\000c\000e\000s}{subsection.7.6.3}% 217
\BOOKMARK [1][-]{section.7.7}{\376\377\0007\000.\0007\000\040\000M\000e\000s\000h\000:\000:\000t\000e\000x\000t\000u\000r\000e\000\040\000S\000t\000r\000u\000c\000t\000\040\000R\000e\000f\000e\000r\000e\000n\000c\000e}{chapter.7}% 218
\BOOKMARK [2][-]{subsection.7.7.1}{\376\377\0007\000.\0007\000.\0001\000\040\000F\000i\000e\000l\000d\000\040\000D\000o\000c\000u\000m\000e\000n\000t\000a\000t\000i\000o\000n}{section.7.7}% 219
\BOOKMARK [3][-]{subsubsection.7.7.1.1}{\376\377\0007\000.\0007\000.\0001\000.\0001\000\040\000i\000d}{subsection.7.7.1}% 220
\BOOKMARK [3][-]{subsubsection.7.7.1.2}{\376\377\0007\000.\0007\000.\0001\000.\0002\000\040\000p\000a\000t\000h}{subsection.7.7.1}% 221
\BOOKMARK [3][-]{subsubsection.7.7.1.3}{\376\377\0007\000.\0007\000.\0001\000.\0003\000\040\000t\000y\000p\000e}{subsection.7.7.1}% 222
\BOOKMARK [1][-]{section.7.8}{\376\377\0007\000.\0008\000\040\000M\000e\000s\000h\000:\000:\000v\000e\000r\000t\000e\000x\000\040\000S\000t\000r\000u\000c\000t\000\040\000R\000e\000f\000e\000r\000e\000n\000c\000e}{chapter.7}% 223
\BOOKMARK [2][-]{subsection.7.8.1}{\376\377\0007\000.\0008\000.\0001\000\040\000F\000i\000e\000l\000d\000\040\000D\000o\000c\000u\000m\000e\000n\000t\000a\000t\000i\000o\000n}{section.7.8}% 224
\BOOKMARK [3][-]{subsubsection.7.8.1.1}{\376\377\0007\000.\0008\000.\0001\000.\0001\000\040\000n\000o\000r\000m\000a\000l}{subsection.7.8.1}% 225
\BOOKMARK [3][-]{subsubsection.7.8.1.2}{\376\377\0007\000.\0008\000.\0001\000.\0002\000\040\000p\000o\000s\000i\000t\000i\000o\000n}{subsection.7.8.1}% 226
\BOOKMARK [3][-]{subsubsection.7.8.1.3}{\376\377\0007\000.\0008\000.\0001\000.\0003\000\040\000t\000e\000x\000C\000o\000o\000r\000d\000s}{subsection.7.8.1}% 227
\BOOKMARK [1][-]{section.7.9}{\376\377\0007\000.\0009\000\040\000M\000o\000d\000e\000l\000\040\000C\000l\000a\000s\000s\000\040\000R\000e\000f\000e\000r\000e\000n\000c\000e}{chapter.7}% 228
\BOOKMARK [2][-]{subsection.7.9.1}{\376\377\0007\000.\0009\000.\0001\000\040\000C\000o\000n\000s\000t\000r\000u\000c\000t\000o\000r\000\040\000\046\000\040\000D\000e\000s\000t\000r\000u\000c\000t\000o\000r\000\040\000D\000o\000c\000u\000m\000e\000n\000t\000a\000t\000i\000o\000n}{section.7.9}% 229
\BOOKMARK [3][-]{subsubsection.7.9.1.1}{\376\377\0007\000.\0009\000.\0001\000.\0001\000\040\000M\000o\000d\000e\000l\000\050\000\051}{subsection.7.9.1}% 230
\BOOKMARK [3][-]{subsubsection.7.9.1.2}{\376\377\0007\000.\0009\000.\0001\000.\0002\000\040\000M\000o\000d\000e\000l\000\050\000G\000L\000c\000h\000a\000r\000\040\000*\000p\000a\000t\000h\000\051}{subsection.7.9.1}% 231
\BOOKMARK [2][-]{subsection.7.9.2}{\376\377\0007\000.\0009\000.\0002\000\040\000M\000e\000m\000b\000e\000r\000\040\000F\000u\000n\000c\000t\000i\000o\000n\000\040\000D\000o\000c\000u\000m\000e\000n\000t\000a\000t\000i\000o\000n}{section.7.9}% 232
\BOOKMARK [3][-]{subsubsection.7.9.2.1}{\376\377\0007\000.\0009\000.\0002\000.\0001\000\040\000d\000r\000a\000w\000\050\000s\000h\000:\000:\000S\000h\000a\000d\000e\000r\000\040\000s\000h\000a\000d\000e\000r\000\051}{subsection.7.9.2}% 233
\BOOKMARK [3][-]{subsubsection.7.9.2.2}{\376\377\0007\000.\0009\000.\0002\000.\0002\000\040\000l\000o\000a\000d\000M\000a\000t\000e\000r\000i\000a\000l\000T\000e\000x\000t\000u\000r\000e\000s\000\050\000a\000i\000M\000a\000t\000e\000r\000i\000a\000l\000\040\000*\000m\000a\000t\000,\000\040\000a\000i\000T\000e\000x\000t\000u\000r\000e\000T\000y\000p\000e\000\040\000t\000y\000p\000e\000,\000\040\000s\000t\000r\000i\000n\000g\000\040\000t\000y\000p\000e\000N\000a\000m\000e\000\051}{subsection.7.9.2}% 234
\BOOKMARK [3][-]{subsubsection.7.9.2.3}{\376\377\0007\000.\0009\000.\0002\000.\0003\000\040\000l\000o\000a\000d\000M\000o\000d\000e\000l\000\050\000s\000t\000r\000i\000n\000g\000\040\000p\000a\000t\000h\000\051}{subsection.7.9.2}% 235
\BOOKMARK [3][-]{subsubsection.7.9.2.4}{\376\377\0007\000.\0009\000.\0002\000.\0004\000\040\000p\000r\000o\000c\000e\000s\000s\000M\000e\000s\000h\000\050\000a\000i\000M\000e\000s\000h\000\040\000*\000m\000e\000s\000h\000,\000\040\000c\000o\000n\000s\000t\000\040\000a\000i\000S\000c\000e\000n\000e\000\040\000*\000s\000c\000e\000n\000e\000\051}{subsection.7.9.2}% 236
\BOOKMARK [3][-]{subsubsection.7.9.2.5}{\376\377\0007\000.\0009\000.\0002\000.\0005\000\040\000p\000r\000o\000c\000e\000s\000s\000N\000o\000d\000e\000\050\000a\000i\000N\000o\000d\000e\000\040\000*\000n\000o\000d\000e\000,\000\040\000c\000o\000n\000s\000t\000\040\000a\000i\000S\000c\000e\000n\000e\000\040\000*\000s\000c\000e\000n\000e\000\051}{subsection.7.9.2}% 237
\BOOKMARK [3][-]{subsubsection.7.9.2.6}{\376\377\0007\000.\0009\000.\0002\000.\0006\000\040\000t\000e\000x\000t\000u\000r\000e\000F\000r\000o\000m\000F\000i\000l\000e\000\050\000c\000o\000n\000s\000t\000\040\000c\000h\000a\000r\000\040\000*\000p\000a\000t\000h\000\051}{subsection.7.9.2}% 238
\BOOKMARK [2][-]{subsection.7.9.3}{\376\377\0007\000.\0009\000.\0003\000\040\000F\000i\000e\000l\000d\000\040\000D\000o\000c\000u\000m\000e\000n\000t\000a\000t\000i\000o\000n}{section.7.9}% 239
\BOOKMARK [3][-]{subsubsection.7.9.3.1}{\376\377\0007\000.\0009\000.\0003\000.\0001\000\040\000d\000i\000r\000e\000c\000t\000o\000r\000y}{subsection.7.9.3}% 240
\BOOKMARK [3][-]{subsubsection.7.9.3.2}{\376\377\0007\000.\0009\000.\0003\000.\0002\000\040\000l\000o\000a\000d\000e\000d\000T\000e\000x\000t\000u\000r\000e\000s}{subsection.7.9.3}% 241
\BOOKMARK [3][-]{subsubsection.7.9.3.3}{\376\377\0007\000.\0009\000.\0003\000.\0003\000\040\000m\000e\000s\000h\000e\000s}{subsection.7.9.3}% 242
\BOOKMARK [3][-]{subsubsection.7.9.3.4}{\376\377\0007\000.\0009\000.\0003\000.\0004\000\040\000X\000M\000A\000X}{subsection.7.9.3}% 243
\BOOKMARK [3][-]{subsubsection.7.9.3.5}{\376\377\0007\000.\0009\000.\0003\000.\0005\000\040\000X\000M\000I\000N}{subsection.7.9.3}% 244
\BOOKMARK [3][-]{subsubsection.7.9.3.6}{\376\377\0007\000.\0009\000.\0003\000.\0006\000\040\000Y\000M\000A\000X}{subsection.7.9.3}% 245
\BOOKMARK [3][-]{subsubsection.7.9.3.7}{\376\377\0007\000.\0009\000.\0003\000.\0007\000\040\000Y\000M\000I\000N}{subsection.7.9.3}% 246
\BOOKMARK [3][-]{subsubsection.7.9.3.8}{\376\377\0007\000.\0009\000.\0003\000.\0008\000\040\000Z\000M\000A\000X}{subsection.7.9.3}% 247
\BOOKMARK [3][-]{subsubsection.7.9.3.9}{\376\377\0007\000.\0009\000.\0003\000.\0009\000\040\000Z\000M\000I\000N}{subsection.7.9.3}% 248
\BOOKMARK [1][-]{section.7.10}{\376\377\0007\000.\0001\0000\000\040\000M\000y\000o\000C\000o\000n\000n\000e\000c\000t\000o\000r\000\040\000C\000l\000a\000s\000s\000\040\000R\000e\000f\000e\000r\000e\000n\000c\000e}{chapter.7}% 249
\BOOKMARK [2][-]{subsection.7.10.1}{\376\377\0007\000.\0001\0000\000.\0001\000\040\000D\000e\000t\000a\000i\000l\000e\000d\000\040\000D\000e\000s\000c\000r\000i\000p\000t\000i\000o\000n}{section.7.10}% 250
\BOOKMARK [2][-]{subsection.7.10.2}{\376\377\0007\000.\0001\0000\000.\0002\000\040\000C\000o\000n\000s\000t\000r\000u\000c\000t\000o\000r\000\040\000\046\000\040\000D\000e\000s\000t\000r\000u\000c\000t\000o\000r\000\040\000D\000o\000c\000u\000m\000e\000n\000t\000a\000t\000i\000o\000n}{section.7.10}% 251
\BOOKMARK [3][-]{subsubsection.7.10.2.1}{\376\377\0007\000.\0001\0000\000.\0002\000.\0001\000\040\000M\000y\000o\000C\000o\000n\000n\000e\000c\000t\000o\000r\000\050\000\051}{subsection.7.10.2}% 252
\BOOKMARK [2][-]{subsection.7.10.3}{\376\377\0007\000.\0001\0000\000.\0003\000\040\000M\000e\000m\000b\000e\000r\000\040\000F\000u\000n\000c\000t\000i\000o\000n\000\040\000D\000o\000c\000u\000m\000e\000n\000t\000a\000t\000i\000o\000n}{section.7.10}% 253
\BOOKMARK [3][-]{subsubsection.7.10.3.1}{\376\377\0007\000.\0001\0000\000.\0003\000.\0001\000\040\000g\000e\000t\000C\000u\000r\000r\000e\000n\000t\000P\000o\000s\000e\000\050\000\051}{subsection.7.10.3}% 254
\BOOKMARK [3][-]{subsubsection.7.10.3.2}{\376\377\0007\000.\0001\0000\000.\0003\000.\0002\000\040\000g\000e\000t\000D\000i\000r\000e\000c\000t\000i\000o\000n\000s\000\050\000\051}{subsection.7.10.3}% 255
\BOOKMARK [3][-]{subsubsection.7.10.3.3}{\376\377\0007\000.\0001\0000\000.\0003\000.\0003\000\040\000o\000n\000A\000r\000m\000S\000y\000n\000c\000\050\000M\000y\000o\000\040\000*\000m\000y\000o\000,\000\040\000u\000i\000n\000t\0006\0004\000t\000\040\000t\000i\000m\000e\000s\000t\000a\000m\000p\000,\000\040\000A\000r\000m\000\040\000a\000r\000m\000,\000\040\000X\000D\000i\000r\000e\000c\000t\000i\000o\000n\000\040\000x\000D\000i\000r\000e\000c\000t\000i\000o\000n\000,\000\040\000f\000l\000o\000a\000t\000\040\000r\000o\000t\000a\000t\000i\000o\000n\000,\000\040\000W\000a\000r\000m\000u\000p\000S\000t\000a\000t\000e\000\040\000w\000a\000r\000m\000u\000p\000S\000t\000a\000t\000e\000\051}{subsection.7.10.3}% 256
\BOOKMARK [3][-]{subsubsection.7.10.3.4}{\376\377\0007\000.\0001\0000\000.\0003\000.\0004\000\040\000o\000n\000A\000r\000m\000U\000n\000s\000y\000n\000c\000\050\000M\000y\000o\000\040\000*\000m\000y\000o\000,\000\040\000u\000i\000n\000t\0006\0004\000t\000\040\000t\000i\000m\000e\000s\000t\000a\000m\000p\000\051}{subsection.7.10.3}% 257
\BOOKMARK [3][-]{subsubsection.7.10.3.5}{\376\377\0007\000.\0001\0000\000.\0003\000.\0005\000\040\000o\000n\000L\000o\000c\000k\000\050\000M\000y\000o\000\040\000*\000m\000y\000o\000,\000\040\000u\000i\000n\000t\0006\0004\000t\000\040\000t\000i\000m\000e\000s\000t\000a\000m\000p\000\051}{subsection.7.10.3}% 258
\BOOKMARK [3][-]{subsubsection.7.10.3.6}{\376\377\0007\000.\0001\0000\000.\0003\000.\0006\000\040\000o\000n\000O\000r\000i\000e\000n\000t\000a\000t\000i\000o\000n\000D\000a\000t\000a\000\050\000M\000y\000o\000\040\000*\000m\000y\000o\000,\000\040\000u\000i\000n\000t\0006\0004\000t\000\040\000t\000i\000m\000e\000s\000t\000a\000m\000p\000,\000\040\000c\000o\000n\000s\000t\000\040\000Q\000u\000a\000t\000e\000r\000n\000i\000o\000n\000<\000\040\000f\000l\000o\000a\000t\000\040\000>\000\040\000q\000u\000a\000t\000\051}{subsection.7.10.3}% 259
\BOOKMARK [3][-]{subsubsection.7.10.3.7}{\376\377\0007\000.\0001\0000\000.\0003\000.\0007\000\040\000o\000n\000P\000o\000s\000e\000\050\000M\000y\000o\000\040\000*\000m\000y\000o\000,\000\040\000u\000i\000n\000t\0006\0004\000t\000\040\000t\000i\000m\000e\000s\000t\000a\000m\000p\000,\000\040\000P\000o\000s\000e\000\040\000p\000o\000s\000e\000\051}{subsection.7.10.3}% 260
\BOOKMARK [3][-]{subsubsection.7.10.3.8}{\376\377\0007\000.\0001\0000\000.\0003\000.\0008\000\040\000o\000n\000U\000n\000l\000o\000c\000k\000\050\000M\000y\000o\000\040\000*\000m\000y\000o\000,\000\040\000u\000i\000n\000t\0006\0004\000t\000\040\000t\000i\000m\000e\000s\000t\000a\000m\000p\000\051}{subsection.7.10.3}% 261
\BOOKMARK [3][-]{subsubsection.7.10.3.9}{\376\377\0007\000.\0001\0000\000.\0003\000.\0009\000\040\000o\000n\000U\000n\000p\000a\000i\000r\000\050\000M\000y\000o\000\040\000*\000m\000y\000o\000,\000\040\000u\000i\000n\000t\0006\0004\000t\000\040\000t\000i\000m\000e\000s\000t\000a\000m\000p\000\051}{subsection.7.10.3}% 262
\BOOKMARK [3][-]{subsubsection.7.10.3.10}{\376\377\0007\000.\0001\0000\000.\0003\000.\0001\0000\000\040\000p\000r\000i\000n\000t\000\050\000\051}{subsection.7.10.3}% 263
\BOOKMARK [2][-]{subsection.7.10.4}{\376\377\0007\000.\0001\0000\000.\0004\000\040\000F\000i\000e\000l\000d\000\040\000D\000o\000c\000u\000m\000e\000n\000t\000a\000t\000i\000o\000n}{section.7.10}% 264
\BOOKMARK [3][-]{subsubsection.7.10.4.1}{\376\377\0007\000.\0001\0000\000.\0004\000.\0001\000\040\000c\000u\000r\000r\000e\000n\000t\000P\000o\000s\000e}{subsection.7.10.4}% 265
\BOOKMARK [3][-]{subsubsection.7.10.4.2}{\376\377\0007\000.\0001\0000\000.\0004\000.\0002\000\040\000i\000s\000U\000n\000l\000o\000c\000k\000e\000d}{subsection.7.10.4}% 266
\BOOKMARK [3][-]{subsubsection.7.10.4.3}{\376\377\0007\000.\0001\0000\000.\0004\000.\0003\000\040\000o\000n\000A\000r\000m}{subsection.7.10.4}% 267
\BOOKMARK [3][-]{subsubsection.7.10.4.4}{\376\377\0007\000.\0001\0000\000.\0004\000.\0004\000\040\000p\000i\000t\000c\000h\000w}{subsection.7.10.4}% 268
\BOOKMARK [3][-]{subsubsection.7.10.4.5}{\376\377\0007\000.\0001\0000\000.\0004\000.\0005\000\040\000r\000o\000l\000l\000w}{subsection.7.10.4}% 269
\BOOKMARK [3][-]{subsubsection.7.10.4.6}{\376\377\0007\000.\0001\0000\000.\0004\000.\0006\000\040\000w\000h\000i\000c\000h\000A\000r\000m}{subsection.7.10.4}% 270
\BOOKMARK [3][-]{subsubsection.7.10.4.7}{\376\377\0007\000.\0001\0000\000.\0004\000.\0007\000\040\000y\000a\000w\000w}{subsection.7.10.4}% 271
\BOOKMARK [1][-]{section.7.11}{\376\377\0007\000.\0001\0001\000\040\000S\000e\000t\000t\000i\000n\000g\000s\000\040\000C\000l\000a\000s\000s\000\040\000R\000e\000f\000e\000r\000e\000n\000c\000e}{chapter.7}% 272
\BOOKMARK [2][-]{subsection.7.11.1}{\376\377\0007\000.\0001\0001\000.\0001\000\040\000C\000o\000n\000s\000t\000r\000u\000c\000t\000o\000r\000\040\000\046\000\040\000D\000e\000s\000t\000r\000u\000c\000t\000o\000r\000\040\000D\000o\000c\000u\000m\000e\000n\000t\000a\000t\000i\000o\000n}{section.7.11}% 273
\BOOKMARK [3][-]{subsubsection.7.11.1.1}{\376\377\0007\000.\0001\0001\000.\0001\000.\0001\000\040\000S\000e\000t\000t\000i\000n\000g\000s\000\050\000\051}{subsection.7.11.1}% 274
\BOOKMARK [2][-]{subsection.7.11.2}{\376\377\0007\000.\0001\0001\000.\0002\000\040\000M\000e\000m\000b\000e\000r\000\040\000F\000u\000n\000c\000t\000i\000o\000n\000\040\000D\000o\000c\000u\000m\000e\000n\000t\000a\000t\000i\000o\000n}{section.7.11}% 275
\BOOKMARK [3][-]{subsubsection.7.11.2.1}{\376\377\0007\000.\0001\0001\000.\0002\000.\0001\000\040\000a\000n\000i\000m\000a\000t\000e\000D\000o\000w\000n\000\050\000\051}{subsection.7.11.2}% 276
\BOOKMARK [3][-]{subsubsection.7.11.2.2}{\376\377\0007\000.\0001\0001\000.\0002\000.\0002\000\040\000a\000n\000i\000m\000a\000t\000e\000U\000p\000\050\000\051}{subsection.7.11.2}% 277
\BOOKMARK [3][-]{subsubsection.7.11.2.3}{\376\377\0007\000.\0001\0001\000.\0002\000.\0003\000\040\000f\000a\000d\000e\000L\000e\000f\000t\000\050\000\051}{subsection.7.11.2}% 278
\BOOKMARK [3][-]{subsubsection.7.11.2.4}{\376\377\0007\000.\0001\0001\000.\0002\000.\0004\000\040\000f\000a\000d\000e\000R\000i\000g\000h\000t\000\050\000\051}{subsection.7.11.2}% 279
\BOOKMARK [3][-]{subsubsection.7.11.2.5}{\376\377\0007\000.\0001\0001\000.\0002\000.\0005\000\040\000g\000e\000t\000D\000o\000w\000n\000A\000n\000i\000m\000a\000t\000i\000o\000n\000\050\000\051}{subsection.7.11.2}% 280
\BOOKMARK [3][-]{subsubsection.7.11.2.6}{\376\377\0007\000.\0001\0001\000.\0002\000.\0006\000\040\000g\000e\000t\000F\000a\000d\000e\000L\000e\000f\000t\000A\000n\000i\000m\000a\000t\000i\000o\000n\000\050\000\051}{subsection.7.11.2}% 281
\BOOKMARK [3][-]{subsubsection.7.11.2.7}{\376\377\0007\000.\0001\0001\000.\0002\000.\0007\000\040\000g\000e\000t\000F\000a\000d\000e\000R\000i\000g\000h\000t\000A\000n\000i\000m\000a\000t\000i\000o\000n\000\050\000\051}{subsection.7.11.2}% 282
\BOOKMARK [3][-]{subsubsection.7.11.2.8}{\376\377\0007\000.\0001\0001\000.\0002\000.\0008\000\040\000g\000e\000t\000O\000b\000j\000e\000c\000t\000s\000V\000e\000c\000t\000o\000r\000\050\000\051}{subsection.7.11.2}% 283
\BOOKMARK [3][-]{subsubsection.7.11.2.9}{\376\377\0007\000.\0001\0001\000.\0002\000.\0009\000\040\000g\000e\000t\000S\000c\000r\000o\000l\000l\000D\000o\000w\000n\000A\000n\000i\000m\000a\000t\000i\000o\000n\000\050\000\051}{subsection.7.11.2}% 284
\BOOKMARK [3][-]{subsubsection.7.11.2.10}{\376\377\0007\000.\0001\0001\000.\0002\000.\0001\0000\000\040\000g\000e\000t\000S\000c\000r\000o\000l\000l\000U\000p\000A\000n\000i\000m\000a\000t\000i\000o\000n\000\050\000\051}{subsection.7.11.2}% 285
\BOOKMARK [3][-]{subsubsection.7.11.2.11}{\376\377\0007\000.\0001\0001\000.\0002\000.\0001\0001\000\040\000g\000e\000t\000U\000p\000A\000n\000i\000m\000a\000t\000i\000o\000n\000\050\000\051}{subsection.7.11.2}% 286
\BOOKMARK [3][-]{subsubsection.7.11.2.12}{\376\377\0007\000.\0001\0001\000.\0002\000.\0001\0002\000\040\000i\000n\000i\000t\000\050\000\051}{subsection.7.11.2}% 287
\BOOKMARK [3][-]{subsubsection.7.11.2.13}{\376\377\0007\000.\0001\0001\000.\0002\000.\0001\0003\000\040\000p\000a\000g\000e\000D\000o\000w\000n\000\050\000\051}{subsection.7.11.2}% 288
\BOOKMARK [3][-]{subsubsection.7.11.2.14}{\376\377\0007\000.\0001\0001\000.\0002\000.\0001\0004\000\040\000p\000a\000g\000e\000U\000p\000\050\000\051}{subsection.7.11.2}% 289
\BOOKMARK [3][-]{subsubsection.7.11.2.15}{\376\377\0007\000.\0001\0001\000.\0002\000.\0001\0005\000\040\000s\000c\000r\000o\000l\000l\000D\000o\000w\000n\000\050\000\051}{subsection.7.11.2}% 290
\BOOKMARK [3][-]{subsubsection.7.11.2.16}{\376\377\0007\000.\0001\0001\000.\0002\000.\0001\0006\000\040\000s\000c\000r\000o\000l\000l\000U\000p\000\050\000\051}{subsection.7.11.2}% 291
\BOOKMARK [3][-]{subsubsection.7.11.2.17}{\376\377\0007\000.\0001\0001\000.\0002\000.\0001\0007\000\040\000s\000e\000t\000D\000o\000w\000n\000A\000n\000i\000m\000a\000t\000i\000o\000n\000\050\000b\000o\000o\000l\000\040\000d\000o\000w\000n\000A\000n\000i\000m\000a\000t\000i\000o\000n\000\051}{subsection.7.11.2}% 292
\BOOKMARK [3][-]{subsubsection.7.11.2.18}{\376\377\0007\000.\0001\0001\000.\0002\000.\0001\0008\000\040\000s\000e\000t\000F\000a\000d\000e\000L\000e\000f\000t\000A\000n\000i\000m\000a\000t\000i\000o\000n\000\050\000b\000o\000o\000l\000\040\000f\000a\000d\000e\000L\000e\000f\000t\000A\000n\000i\000m\000a\000t\000i\000o\000n\000\051}{subsection.7.11.2}% 293
\BOOKMARK [3][-]{subsubsection.7.11.2.19}{\376\377\0007\000.\0001\0001\000.\0002\000.\0001\0009\000\040\000s\000e\000t\000F\000a\000d\000e\000R\000i\000g\000h\000t\000A\000n\000i\000m\000a\000t\000i\000o\000n\000\050\000b\000o\000o\000l\000\040\000f\000a\000d\000e\000R\000i\000g\000h\000t\000A\000n\000i\000m\000a\000t\000i\000o\000n\000\051}{subsection.7.11.2}% 294
\BOOKMARK [3][-]{subsubsection.7.11.2.20}{\376\377\0007\000.\0001\0001\000.\0002\000.\0002\0000\000\040\000s\000e\000t\000S\000c\000r\000o\000l\000l\000D\000o\000w\000n\000A\000n\000i\000m\000a\000t\000i\000o\000n\000\050\000b\000o\000o\000l\000\040\000s\000c\000r\000o\000l\000l\000D\000o\000w\000n\000A\000n\000i\000m\000a\000t\000i\000o\000n\000\051}{subsection.7.11.2}% 295
\BOOKMARK [3][-]{subsubsection.7.11.2.21}{\376\377\0007\000.\0001\0001\000.\0002\000.\0002\0001\000\040\000s\000e\000t\000S\000c\000r\000o\000l\000l\000U\000p\000A\000n\000i\000m\000a\000t\000i\000o\000n\000\050\000b\000o\000o\000l\000\040\000s\000c\000r\000o\000l\000l\000U\000p\000A\000n\000i\000m\000a\000t\000i\000o\000n\000\051}{subsection.7.11.2}% 296
\BOOKMARK [3][-]{subsubsection.7.11.2.22}{\376\377\0007\000.\0001\0001\000.\0002\000.\0002\0002\000\040\000s\000e\000t\000t\000i\000n\000g\000s\000E\000v\000e\000n\000t\000s\000\050\000\051}{subsection.7.11.2}% 297
\BOOKMARK [3][-]{subsubsection.7.11.2.23}{\376\377\0007\000.\0001\0001\000.\0002\000.\0002\0003\000\040\000s\000e\000t\000U\000p\000A\000n\000i\000m\000a\000t\000i\000o\000n\000\050\000b\000o\000o\000l\000\040\000u\000p\000A\000n\000i\000m\000a\000t\000i\000o\000n\000\051}{subsection.7.11.2}% 298
\BOOKMARK [3][-]{subsubsection.7.11.2.24}{\376\377\0007\000.\0001\0001\000.\0002\000.\0002\0004\000\040\000t\000e\000s\000t\000\050\000\051}{subsection.7.11.2}% 299
\BOOKMARK [2][-]{subsection.7.11.3}{\376\377\0007\000.\0001\0001\000.\0003\000\040\000F\000i\000e\000l\000d\000\040\000D\000o\000c\000u\000m\000e\000n\000t\000a\000t\000i\000o\000n}{section.7.11}% 300
\BOOKMARK [3][-]{subsubsection.7.11.3.1}{\376\377\0007\000.\0001\0001\000.\0003\000.\0001\000\040\000a\000l\000p\000h\000a}{subsection.7.11.3}% 301
\BOOKMARK [3][-]{subsubsection.7.11.3.2}{\376\377\0007\000.\0001\0001\000.\0003\000.\0002\000\040\000a\000n\000i\000m\000a\000t\000i\000o\000n\000S\000p\000e\000e\000d}{subsection.7.11.3}% 302
\BOOKMARK [3][-]{subsubsection.7.11.3.3}{\376\377\0007\000.\0001\0001\000.\0003\000.\0003\000\040\000a\000n\000i\000m\000a\000t\000i\000o\000n\000T\000i\000m\000e}{subsection.7.11.3}% 303
\BOOKMARK [3][-]{subsubsection.7.11.3.4}{\376\377\0007\000.\0001\0001\000.\0003\000.\0004\000\040\000b\000a\000c\000k\000g\000r\000o\000u\000n\000d}{subsection.7.11.3}% 304
\BOOKMARK [3][-]{subsubsection.7.11.3.5}{\376\377\0007\000.\0001\0001\000.\0003\000.\0005\000\040\000d\000o\000w\000n\000A\000n\000i\000m\000a\000t\000i\000o\000n}{subsection.7.11.3}% 305
\BOOKMARK [3][-]{subsubsection.7.11.3.6}{\376\377\0007\000.\0001\0001\000.\0003\000.\0006\000\040\000f\000a\000d\000e\000L\000e\000f\000t\000A\000n\000i\000m\000a\000t\000i\000o\000n}{subsection.7.11.3}% 306
\BOOKMARK [3][-]{subsubsection.7.11.3.7}{\376\377\0007\000.\0001\0001\000.\0003\000.\0007\000\040\000f\000a\000d\000e\000R\000i\000g\000h\000t\000A\000n\000i\000m\000a\000t\000i\000o\000n}{subsection.7.11.3}% 307
\BOOKMARK [3][-]{subsubsection.7.11.3.8}{\376\377\0007\000.\0001\0001\000.\0003\000.\0008\000\040\000f\000a\000d\000e\000S\000p\000e\000e\000d}{subsection.7.11.3}% 308
\BOOKMARK [3][-]{subsubsection.7.11.3.9}{\376\377\0007\000.\0001\0001\000.\0003\000.\0009\000\040\000f\000a\000d\000e\000T\000i\000m\000e}{subsection.7.11.3}% 309
\BOOKMARK [3][-]{subsubsection.7.11.3.10}{\376\377\0007\000.\0001\0001\000.\0003\000.\0001\0000\000\040\000n\000S\000e\000t\000t\000i\000n\000g\000s}{subsection.7.11.3}% 310
\BOOKMARK [3][-]{subsubsection.7.11.3.11}{\376\377\0007\000.\0001\0001\000.\0003\000.\0001\0001\000\040\000o\000p\000t\000i\000o\000n\000s\000P\000o\000s\000i\000t\000i\000o\000n\000s}{subsection.7.11.3}% 311
\BOOKMARK [3][-]{subsubsection.7.11.3.12}{\376\377\0007\000.\0001\0001\000.\0003\000.\0001\0002\000\040\000o\000p\000t\000i\000o\000n\000s\000T\000e\000x\000t\000s}{subsection.7.11.3}% 312
\BOOKMARK [3][-]{subsubsection.7.11.3.13}{\376\377\0007\000.\0001\0001\000.\0003\000.\0001\0003\000\040\000p\000a\000g\000e\000D\000o\000w\000n\000A\000n\000i\000m\000a\000t\000i\000o\000n}{subsection.7.11.3}% 313
\BOOKMARK [3][-]{subsubsection.7.11.3.14}{\376\377\0007\000.\0001\0001\000.\0003\000.\0001\0004\000\040\000p\000a\000g\000e\000H\000e\000a\000d\000e\000r\000P\000o\000s\000i\000t\000i\000o\000n}{subsection.7.11.3}% 314
\BOOKMARK [3][-]{subsubsection.7.11.3.15}{\376\377\0007\000.\0001\0001\000.\0003\000.\0001\0005\000\040\000p\000a\000g\000e\000U\000p\000A\000n\000i\000m\000a\000t\000i\000o\000n}{subsection.7.11.3}% 315
\BOOKMARK [3][-]{subsubsection.7.11.3.16}{\376\377\0007\000.\0001\0001\000.\0003\000.\0001\0006\000\040\000s\000c\000r\000o\000l\000l\000D\000o\000w\000n\000A\000n\000i\000m\000a\000t\000i\000o\000n}{subsection.7.11.3}% 316
\BOOKMARK [3][-]{subsubsection.7.11.3.17}{\376\377\0007\000.\0001\0001\000.\0003\000.\0001\0007\000\040\000s\000c\000r\000o\000l\000l\000U\000p\000A\000n\000i\000m\000a\000t\000i\000o\000n}{subsection.7.11.3}% 317
\BOOKMARK [3][-]{subsubsection.7.11.3.18}{\376\377\0007\000.\0001\0001\000.\0003\000.\0001\0008\000\040\000s\000e\000c\000o\000n\000d\000F\000a\000d\000e}{subsection.7.11.3}% 318
\BOOKMARK [3][-]{subsubsection.7.11.3.19}{\376\377\0007\000.\0001\0001\000.\0003\000.\0001\0009\000\040\000s\000e\000l\000e\000c\000t\000o\000r}{subsection.7.11.3}% 319
\BOOKMARK [3][-]{subsubsection.7.11.3.20}{\376\377\0007\000.\0001\0001\000.\0003\000.\0002\0000\000\040\000s\000e\000l\000e\000c\000t\000o\000r\000P\000o\000s\000i\000t\000i\000o\000n}{subsection.7.11.3}% 320
\BOOKMARK [3][-]{subsubsection.7.11.3.21}{\376\377\0007\000.\0001\0001\000.\0003\000.\0002\0001\000\040\000s\000e\000t\000t\000i\000n\000g\000s\000F\000o\000n\000t}{subsection.7.11.3}% 321
\BOOKMARK [3][-]{subsubsection.7.11.3.22}{\376\377\0007\000.\0001\0001\000.\0003\000.\0002\0002\000\040\000s\000e\000t\000t\000i\000n\000g\000s\000T\000e\000x\000t\000s}{subsection.7.11.3}% 322
\BOOKMARK [3][-]{subsubsection.7.11.3.23}{\376\377\0007\000.\0001\0001\000.\0003\000.\0002\0003\000\040\000s\000t\000e\000p\000C\000o\000u\000n\000t\000e\000r}{subsection.7.11.3}% 323
\BOOKMARK [3][-]{subsubsection.7.11.3.24}{\376\377\0007\000.\0001\0001\000.\0003\000.\0002\0004\000\040\000t\000e\000x\000t\000M\000a\000r\000g\000i\000n}{subsection.7.11.3}% 324
\BOOKMARK [3][-]{subsubsection.7.11.3.25}{\376\377\0007\000.\0001\0001\000.\0003\000.\0002\0005\000\040\000t\000e\000x\000t\000S\000i\000z\000e}{subsection.7.11.3}% 325
\BOOKMARK [3][-]{subsubsection.7.11.3.26}{\376\377\0007\000.\0001\0001\000.\0003\000.\0002\0006\000\040\000t\000h\000i\000c\000k\000n\000e\000s\000s}{subsection.7.11.3}% 326
\BOOKMARK [3][-]{subsubsection.7.11.3.27}{\376\377\0007\000.\0001\0001\000.\0003\000.\0002\0007\000\040\000t\000o\000D\000r\000a\000w}{subsection.7.11.3}% 327
\BOOKMARK [3][-]{subsubsection.7.11.3.28}{\376\377\0007\000.\0001\0001\000.\0003\000.\0002\0008\000\040\000u\000d\000A\000n\000i\000m\000a\000t\000i\000o\000n\000S\000p\000e\000e\000d}{subsection.7.11.3}% 328
\BOOKMARK [3][-]{subsubsection.7.11.3.29}{\376\377\0007\000.\0001\0001\000.\0003\000.\0002\0009\000\040\000u\000p\000A\000n\000i\000m\000a\000t\000i\000o\000n}{subsection.7.11.3}% 329
\BOOKMARK [1][-]{section.7.12}{\376\377\0007\000.\0001\0002\000\040\000s\000h\000:\000:\000S\000h\000a\000d\000e\000r\000\040\000C\000l\000a\000s\000s\000\040\000R\000e\000f\000e\000r\000e\000n\000c\000e}{chapter.7}% 330
\BOOKMARK [2][-]{subsection.7.12.1}{\376\377\0007\000.\0001\0002\000.\0001\000\040\000D\000e\000t\000a\000i\000l\000e\000d\000\040\000D\000e\000s\000c\000r\000i\000p\000t\000i\000o\000n}{section.7.12}% 331
\BOOKMARK [2][-]{subsection.7.12.2}{\376\377\0007\000.\0001\0002\000.\0002\000\040\000C\000o\000n\000s\000t\000r\000u\000c\000t\000o\000r\000\040\000\046\000\040\000D\000e\000s\000t\000r\000u\000c\000t\000o\000r\000\040\000D\000o\000c\000u\000m\000e\000n\000t\000a\000t\000i\000o\000n}{section.7.12}% 332
\BOOKMARK [3][-]{subsubsection.7.12.2.1}{\376\377\0007\000.\0001\0002\000.\0002\000.\0001\000\040\000S\000h\000a\000d\000e\000r\000\050\000\051}{subsection.7.12.2}% 333
\BOOKMARK [3][-]{subsubsection.7.12.2.2}{\376\377\0007\000.\0001\0002\000.\0002\000.\0002\000\040\000S\000h\000a\000d\000e\000r\000\050\000c\000o\000n\000s\000t\000\040\000G\000L\000c\000h\000a\000r\000\040\000*\000v\000e\000r\000t\000e\000x\000P\000a\000t\000h\000,\000\040\000c\000o\000n\000s\000t\000\040\000G\000L\000c\000h\000a\000r\000\040\000*\000f\000r\000a\000g\000m\000e\000n\000t\000P\000a\000t\000h\000\051}{subsection.7.12.2}% 334
\BOOKMARK [2][-]{subsection.7.12.3}{\376\377\0007\000.\0001\0002\000.\0003\000\040\000M\000e\000m\000b\000e\000r\000\040\000F\000u\000n\000c\000t\000i\000o\000n\000\040\000D\000o\000c\000u\000m\000e\000n\000t\000a\000t\000i\000o\000n}{section.7.12}% 335
\BOOKMARK [3][-]{subsubsection.7.12.3.1}{\376\377\0007\000.\0001\0002\000.\0003\000.\0001\000\040\000i\000n\000i\000t\000\050\000\051}{subsection.7.12.3}% 336
\BOOKMARK [3][-]{subsubsection.7.12.3.2}{\376\377\0007\000.\0001\0002\000.\0003\000.\0002\000\040\000u\000s\000e\000\050\000\051}{subsection.7.12.3}% 337
\BOOKMARK [2][-]{subsection.7.12.4}{\376\377\0007\000.\0001\0002\000.\0004\000\040\000F\000i\000e\000l\000d\000\040\000D\000o\000c\000u\000m\000e\000n\000t\000a\000t\000i\000o\000n}{section.7.12}% 338
\BOOKMARK [3][-]{subsubsection.7.12.4.1}{\376\377\0007\000.\0001\0002\000.\0004\000.\0001\000\040\000f\000r\000a\000g\000m\000e\000n\000t\000P\000a\000t\000h}{subsection.7.12.4}% 339
\BOOKMARK [3][-]{subsubsection.7.12.4.2}{\376\377\0007\000.\0001\0002\000.\0004\000.\0002\000\040\000p\000r\000o\000g\000r\000a\000m}{subsection.7.12.4}% 340
\BOOKMARK [3][-]{subsubsection.7.12.4.3}{\376\377\0007\000.\0001\0002\000.\0004\000.\0003\000\040\000v\000e\000r\000t\000e\000x\000P\000a\000t\000h}{subsection.7.12.4}% 341
\BOOKMARK [1][-]{section.7.13}{\376\377\0007\000.\0001\0003\000\040\000T\000h\000r\000e\000e\000D\000\040\000C\000l\000a\000s\000s\000\040\000R\000e\000f\000e\000r\000e\000n\000c\000e}{chapter.7}% 342
\BOOKMARK [2][-]{subsection.7.13.1}{\376\377\0007\000.\0001\0003\000.\0001\000\040\000C\000o\000n\000s\000t\000r\000u\000c\000t\000o\000r\000\040\000\046\000\040\000D\000e\000s\000t\000r\000u\000c\000t\000o\000r\000\040\000D\000o\000c\000u\000m\000e\000n\000t\000a\000t\000i\000o\000n}{section.7.13}% 343
\BOOKMARK [3][-]{subsubsection.7.13.1.1}{\376\377\0007\000.\0001\0003\000.\0001\000.\0001\000\040\000T\000h\000r\000e\000e\000D\000\050\000\051}{subsection.7.13.1}% 344
\BOOKMARK [2][-]{subsection.7.13.2}{\376\377\0007\000.\0001\0003\000.\0002\000\040\000M\000e\000m\000b\000e\000r\000\040\000F\000u\000n\000c\000t\000i\000o\000n\000\040\000D\000o\000c\000u\000m\000e\000n\000t\000a\000t\000i\000o\000n}{section.7.13}% 345
\BOOKMARK [3][-]{subsubsection.7.13.2.1}{\376\377\0007\000.\0001\0003\000.\0002\000.\0001\000\040\000a\000n\000i\000m\000a\000t\000e\000D\000o\000w\000n\000\050\000\051}{subsection.7.13.2}% 346
\BOOKMARK [3][-]{subsubsection.7.13.2.2}{\376\377\0007\000.\0001\0003\000.\0002\000.\0002\000\040\000a\000n\000i\000m\000a\000t\000e\000L\000e\000f\000t\000\050\000\051}{subsection.7.13.2}% 347
\BOOKMARK [3][-]{subsubsection.7.13.2.3}{\376\377\0007\000.\0001\0003\000.\0002\000.\0003\000\040\000a\000n\000i\000m\000a\000t\000e\000R\000i\000g\000h\000t\000\050\000\051}{subsection.7.13.2}% 348
\BOOKMARK [3][-]{subsubsection.7.13.2.4}{\376\377\0007\000.\0001\0003\000.\0002\000.\0004\000\040\000a\000n\000i\000m\000a\000t\000e\000U\000p\000\050\000\051}{subsection.7.13.2}% 349
\BOOKMARK [3][-]{subsubsection.7.13.2.5}{\376\377\0007\000.\0001\0003\000.\0002\000.\0005\000\040\000c\000h\000e\000c\000k\000E\000x\000t\000e\000n\000s\000i\000o\000n\000\050\000s\000t\000r\000i\000n\000g\000\040\000m\000o\000d\000e\000l\000N\000a\000m\000e\000,\000\040\000i\000n\000t\000\040\000m\000o\000d\000e\000l\000N\000a\000m\000e\000L\000e\000n\000\051}{subsection.7.13.2}% 350
\BOOKMARK [3][-]{subsubsection.7.13.2.6}{\376\377\0007\000.\0001\0003\000.\0002\000.\0006\000\040\000c\000h\000e\000c\000k\000P\000o\000s\000i\000t\000i\000o\000n\000s\000\050\000\051}{subsection.7.13.2}% 351
\BOOKMARK [3][-]{subsubsection.7.13.2.7}{\376\377\0007\000.\0001\0003\000.\0002\000.\0007\000\040\000g\000e\000t\000C\000a\000m\000e\000r\000a\000D\000i\000s\000t\000a\000n\000c\000e\000\050\000\051}{subsection.7.13.2}% 352
\BOOKMARK [3][-]{subsubsection.7.13.2.8}{\376\377\0007\000.\0001\0003\000.\0002\000.\0008\000\040\000g\000e\000t\000D\000o\000w\000n\000A\000n\000i\000m\000a\000t\000i\000o\000n\000\050\000\051}{subsection.7.13.2}% 353
\BOOKMARK [3][-]{subsubsection.7.13.2.9}{\376\377\0007\000.\0001\0003\000.\0002\000.\0009\000\040\000g\000e\000t\000H\000o\000r\000i\000z\000o\000n\000t\000a\000l\000K\000\050\000\051}{subsection.7.13.2}% 354
\BOOKMARK [3][-]{subsubsection.7.13.2.10}{\376\377\0007\000.\0001\0003\000.\0002\000.\0001\0000\000\040\000g\000e\000t\000L\000e\000f\000t\000A\000n\000i\000m\000a\000t\000i\000o\000n\000\050\000\051}{subsection.7.13.2}% 355
\BOOKMARK [3][-]{subsubsection.7.13.2.11}{\376\377\0007\000.\0001\0003\000.\0002\000.\0001\0001\000\040\000g\000e\000t\000M\000o\000d\000e\000l\000\050\000\051}{subsection.7.13.2}% 356
\BOOKMARK [3][-]{subsubsection.7.13.2.12}{\376\377\0007\000.\0001\0003\000.\0002\000.\0001\0002\000\040\000g\000e\000t\000M\000o\000d\000e\000l\000D\000e\000p\000t\000h\000O\000f\000f\000s\000e\000t\000\050\000\051}{subsection.7.13.2}% 357
\BOOKMARK [3][-]{subsubsection.7.13.2.13}{\376\377\0007\000.\0001\0003\000.\0002\000.\0001\0003\000\040\000g\000e\000t\000M\000o\000d\000e\000l\000H\000o\000r\000i\000z\000o\000n\000t\000a\000l\000O\000f\000f\000s\000e\000t\000\050\000\051}{subsection.7.13.2}% 358
\BOOKMARK [3][-]{subsubsection.7.13.2.14}{\376\377\0007\000.\0001\0003\000.\0002\000.\0001\0004\000\040\000g\000e\000t\000M\000o\000d\000e\000l\000V\000e\000r\000t\000i\000c\000a\000l\000O\000f\000f\000s\000e\000t\000\050\000\051}{subsection.7.13.2}% 359
\BOOKMARK [3][-]{subsubsection.7.13.2.15}{\376\377\0007\000.\0001\0003\000.\0002\000.\0001\0005\000\040\000g\000e\000t\000O\000b\000j\000e\000c\000t\000s\000V\000e\000c\000t\000o\000r\000\050\000\051}{subsection.7.13.2}% 360
\BOOKMARK [3][-]{subsubsection.7.13.2.16}{\376\377\0007\000.\0001\0003\000.\0002\000.\0001\0006\000\040\000g\000e\000t\000R\000i\000g\000h\000t\000A\000n\000i\000m\000a\000t\000i\000o\000n\000\050\000\051}{subsection.7.13.2}% 361
\BOOKMARK [3][-]{subsubsection.7.13.2.17}{\376\377\0007\000.\0001\0003\000.\0002\000.\0001\0007\000\040\000g\000e\000t\000S\000h\000a\000d\000e\000r\000\050\000\051}{subsection.7.13.2}% 362
\BOOKMARK [3][-]{subsubsection.7.13.2.18}{\376\377\0007\000.\0001\0003\000.\0002\000.\0001\0008\000\040\000g\000e\000t\000U\000p\000A\000n\000i\000m\000a\000t\000i\000o\000n\000\050\000\051}{subsection.7.13.2}% 363
\BOOKMARK [3][-]{subsubsection.7.13.2.19}{\376\377\0007\000.\0001\0003\000.\0002\000.\0001\0009\000\040\000g\000e\000t\000V\000e\000r\000t\000i\000c\000a\000l\000K\000\050\000\051}{subsection.7.13.2}% 364
\BOOKMARK [3][-]{subsubsection.7.13.2.20}{\376\377\0007\000.\0001\0003\000.\0002\000.\0002\0000\000\040\000i\000n\000i\000t\000\050\000\051}{subsection.7.13.2}% 365
\BOOKMARK [3][-]{subsubsection.7.13.2.21}{\376\377\0007\000.\0001\0003\000.\0002\000.\0002\0001\000\040\000l\000o\000a\000d\000F\000i\000l\000e\000s\000\050\000\051}{subsection.7.13.2}% 366
\BOOKMARK [3][-]{subsubsection.7.13.2.22}{\376\377\0007\000.\0001\0003\000.\0002\000.\0002\0002\000\040\000l\000o\000a\000d\000M\000o\000d\000e\000l\000\050\000\051}{subsection.7.13.2}% 367
\BOOKMARK [3][-]{subsubsection.7.13.2.23}{\376\377\0007\000.\0001\0003\000.\0002\000.\0002\0003\000\040\000s\000e\000t\000D\000o\000w\000n\000A\000n\000i\000m\000a\000t\000i\000o\000n\000\050\000b\000o\000o\000l\000\040\000d\000o\000w\000n\000A\000n\000i\000m\000a\000t\000i\000o\000n\000\051}{subsection.7.13.2}% 368
\BOOKMARK [3][-]{subsubsection.7.13.2.24}{\376\377\0007\000.\0001\0003\000.\0002\000.\0002\0004\000\040\000s\000e\000t\000L\000e\000f\000t\000A\000n\000i\000m\000a\000t\000i\000o\000n\000\050\000b\000o\000o\000l\000\040\000l\000e\000f\000t\000A\000n\000i\000m\000a\000t\000i\000o\000n\000\051}{subsection.7.13.2}% 369
\BOOKMARK [3][-]{subsubsection.7.13.2.25}{\376\377\0007\000.\0001\0003\000.\0002\000.\0002\0005\000\040\000s\000e\000t\000R\000i\000g\000h\000t\000A\000n\000i\000m\000a\000t\000i\000o\000n\000\050\000b\000o\000o\000l\000\040\000r\000i\000g\000h\000t\000A\000n\000i\000m\000a\000t\000i\000o\000n\000\051}{subsection.7.13.2}% 370
\BOOKMARK [3][-]{subsubsection.7.13.2.26}{\376\377\0007\000.\0001\0003\000.\0002\000.\0002\0006\000\040\000s\000e\000t\000U\000p\000A\000n\000i\000m\000a\000t\000i\000o\000n\000\050\000b\000o\000o\000l\000\040\000u\000p\000A\000n\000i\000m\000a\000t\000i\000o\000n\000\051}{subsection.7.13.2}% 371
\BOOKMARK [3][-]{subsubsection.7.13.2.27}{\376\377\0007\000.\0001\0003\000.\0002\000.\0002\0007\000\040\000t\000h\000r\000e\000e\000D\000E\000v\000e\000n\000t\000s\000\050\000\051}{subsection.7.13.2}% 372
\BOOKMARK [2][-]{subsection.7.13.3}{\376\377\0007\000.\0001\0003\000.\0003\000\040\000F\000i\000e\000l\000d\000\040\000D\000o\000c\000u\000m\000e\000n\000t\000a\000t\000i\000o\000n}{section.7.13}% 373
\BOOKMARK [3][-]{subsubsection.7.13.3.1}{\376\377\0007\000.\0001\0003\000.\0003\000.\0001\000\040\000a\000n\000i\000m\000a\000t\000i\000o\000n\000S\000p\000e\000e\000d}{subsection.7.13.3}% 374
\BOOKMARK [3][-]{subsubsection.7.13.3.2}{\376\377\0007\000.\0001\0003\000.\0003\000.\0002\000\040\000a\000n\000i\000m\000a\000t\000i\000o\000n\000T\000i\000m\000e}{subsection.7.13.3}% 375
\BOOKMARK [3][-]{subsubsection.7.13.3.3}{\376\377\0007\000.\0001\0003\000.\0003\000.\0003\000\040\000d\000o\000w\000n\000A\000n\000i\000m\000a\000t\000i\000o\000n}{subsection.7.13.3}% 376
\BOOKMARK [3][-]{subsubsection.7.13.3.4}{\376\377\0007\000.\0001\0003\000.\0003\000.\0004\000\040\000f\000i\000r\000s\000t}{subsection.7.13.3}% 377
\BOOKMARK [3][-]{subsubsection.7.13.3.5}{\376\377\0007\000.\0001\0003\000.\0003\000.\0005\000\040\000f\000i\000r\000s\000t\000M\000o\000d\000e\000l\000P\000o\000s\000i\000t\000i\000o\000n}{subsection.7.13.3}% 378
\BOOKMARK [3][-]{subsubsection.7.13.3.6}{\376\377\0007\000.\0001\0003\000.\0003\000.\0006\000\040\000f\000r\000a\000g\000m\000e\000n\000t\000S\000h\000a\000d\000e\000r\000P\000a\000t\000h}{subsection.7.13.3}% 379
\BOOKMARK [3][-]{subsubsection.7.13.3.7}{\376\377\0007\000.\0001\0003\000.\0003\000.\0007\000\040\000l\000e\000f\000t\000A\000n\000i\000m\000a\000t\000i\000o\000n}{subsection.7.13.3}% 380
\BOOKMARK [3][-]{subsubsection.7.13.3.8}{\376\377\0007\000.\0001\0003\000.\0003\000.\0008\000\040\000l\000e\000f\000t\000P\000o\000s\000i\000t\000i\000o\000n}{subsection.7.13.3}% 381
\BOOKMARK [3][-]{subsubsection.7.13.3.9}{\376\377\0007\000.\0001\0003\000.\0003\000.\0009\000\040\000m\000o\000d\000e\000l}{subsection.7.13.3}% 382
\BOOKMARK [3][-]{subsubsection.7.13.3.10}{\376\377\0007\000.\0001\0003\000.\0003\000.\0001\0000\000\040\000m\000o\000d\000e\000l\000F\000i\000l\000e\000s}{subsection.7.13.3}% 383
\BOOKMARK [3][-]{subsubsection.7.13.3.11}{\376\377\0007\000.\0001\0003\000.\0003\000.\0001\0001\000\040\000m\000o\000d\000e\000l\000P\000a\000t\000h}{subsection.7.13.3}% 384
\BOOKMARK [3][-]{subsubsection.7.13.3.12}{\376\377\0007\000.\0001\0003\000.\0003\000.\0001\0002\000\040\000n\000M\000o\000d\000e\000l}{subsection.7.13.3}% 385
\BOOKMARK [3][-]{subsubsection.7.13.3.13}{\376\377\0007\000.\0001\0003\000.\0003\000.\0001\0003\000\040\000o\000u\000t\000P\000o\000s\000i\000t\000i\000o\000n}{subsection.7.13.3}% 386
\BOOKMARK [3][-]{subsubsection.7.13.3.14}{\376\377\0007\000.\0001\0003\000.\0003\000.\0001\0004\000\040\000r\000i\000g\000h\000t\000A\000n\000i\000m\000a\000t\000i\000o\000n}{subsection.7.13.3}% 387
\BOOKMARK [3][-]{subsubsection.7.13.3.15}{\376\377\0007\000.\0001\0003\000.\0003\000.\0001\0005\000\040\000r\000i\000g\000h\000t\000P\000o\000s\000i\000t\000i\000o\000n}{subsection.7.13.3}% 388
\BOOKMARK [3][-]{subsubsection.7.13.3.16}{\376\377\0007\000.\0001\0003\000.\0003\000.\0001\0006\000\040\000s\000c\000a\000l\000e\000F\000a\000c\000t\000o\000r}{subsection.7.13.3}% 389
\BOOKMARK [3][-]{subsubsection.7.13.3.17}{\376\377\0007\000.\0001\0003\000.\0003\000.\0001\0007\000\040\000s\000h\000a\000d\000e\000r}{subsection.7.13.3}% 390
\BOOKMARK [3][-]{subsubsection.7.13.3.18}{\376\377\0007\000.\0001\0003\000.\0003\000.\0001\0008\000\040\000s\000t\000e\000p\000C\000o\000u\000n\000t\000e\000r}{subsection.7.13.3}% 391
\BOOKMARK [3][-]{subsubsection.7.13.3.19}{\376\377\0007\000.\0001\0003\000.\0003\000.\0001\0009\000\040\000t\000o\000D\000r\000a\000w}{subsection.7.13.3}% 392
\BOOKMARK [3][-]{subsubsection.7.13.3.20}{\376\377\0007\000.\0001\0003\000.\0003\000.\0002\0000\000\040\000u\000p\000A\000n\000i\000m\000a\000t\000i\000o\000n}{subsection.7.13.3}% 393
\BOOKMARK [3][-]{subsubsection.7.13.3.21}{\376\377\0007\000.\0001\0003\000.\0003\000.\0002\0001\000\040\000v\000e\000r\000t\000e\000x\000S\000h\000a\000d\000e\000r\000P\000a\000t\000h}{subsection.7.13.3}% 394
\BOOKMARK [3][-]{subsubsection.7.13.3.22}{\376\377\0007\000.\0001\0003\000.\0003\000.\0002\0002\000\040\000v\000e\000r\000t\000i\000c\000a\000l\000K}{subsection.7.13.3}% 395
\BOOKMARK [3][-]{subsubsection.7.13.3.23}{\376\377\0007\000.\0001\0003\000.\0003\000.\0002\0003\000\040\000x\000A\000x\000i\000s\000K}{subsection.7.13.3}% 396
\BOOKMARK [3][-]{subsubsection.7.13.3.24}{\376\377\0007\000.\0001\0003\000.\0003\000.\0002\0004\000\040\000y\000A\000x\000i\000s\000K}{subsection.7.13.3}% 397
\BOOKMARK [3][-]{subsubsection.7.13.3.25}{\376\377\0007\000.\0001\0003\000.\0003\000.\0002\0005\000\040\000z\000A\000x\000i\000s\000K}{subsection.7.13.3}% 398
\BOOKMARK [1][-]{section.7.14}{\376\377\0007\000.\0001\0004\000\040\000V\000i\000d\000e\000o\000\040\000C\000l\000a\000s\000s\000\040\000R\000e\000f\000e\000r\000e\000n\000c\000e}{chapter.7}% 399
\BOOKMARK [2][-]{subsection.7.14.1}{\376\377\0007\000.\0001\0004\000.\0001\000\040\000C\000o\000n\000s\000t\000r\000u\000c\000t\000o\000r\000\040\000\046\000\040\000D\000e\000s\000t\000r\000u\000c\000t\000o\000r\000\040\000D\000o\000c\000u\000m\000e\000n\000t\000a\000t\000i\000o\000n}{section.7.14}% 400
\BOOKMARK [3][-]{subsubsection.7.14.1.1}{\376\377\0007\000.\0001\0004\000.\0001\000.\0001\000\040\000V\000i\000d\000e\000o\000\050\000\051}{subsection.7.14.1}% 401
\BOOKMARK [2][-]{subsection.7.14.2}{\376\377\0007\000.\0001\0004\000.\0002\000\040\000M\000e\000m\000b\000e\000r\000\040\000F\000u\000n\000c\000t\000i\000o\000n\000\040\000D\000o\000c\000u\000m\000e\000n\000t\000a\000t\000i\000o\000n}{section.7.14}% 402
\BOOKMARK [3][-]{subsubsection.7.14.2.1}{\376\377\0007\000.\0001\0004\000.\0002\000.\0001\000\040\000a\000n\000i\000m\000a\000t\000e\000D\000o\000w\000n\000\050\000\051}{subsection.7.14.2}% 403
\BOOKMARK [3][-]{subsubsection.7.14.2.2}{\376\377\0007\000.\0001\0004\000.\0002\000.\0002\000\040\000a\000n\000i\000m\000a\000t\000e\000L\000e\000f\000t\000\050\000\051}{subsection.7.14.2}% 404
\BOOKMARK [3][-]{subsubsection.7.14.2.3}{\376\377\0007\000.\0001\0004\000.\0002\000.\0003\000\040\000a\000n\000i\000m\000a\000t\000e\000R\000i\000g\000h\000t\000\050\000\051}{subsection.7.14.2}% 405
\BOOKMARK [3][-]{subsubsection.7.14.2.4}{\376\377\0007\000.\0001\0004\000.\0002\000.\0004\000\040\000a\000n\000i\000m\000a\000t\000e\000U\000p\000\050\000\051}{subsection.7.14.2}% 406
\BOOKMARK [3][-]{subsubsection.7.14.2.5}{\376\377\0007\000.\0001\0004\000.\0002\000.\0005\000\040\000c\000h\000e\000c\000k\000E\000x\000t\000e\000n\000s\000i\000o\000n\000\050\000s\000t\000r\000i\000n\000g\000\040\000v\000i\000d\000e\000o\000N\000a\000m\000e\000,\000\040\000i\000n\000t\000\040\000v\000i\000d\000e\000o\000N\000a\000m\000e\000L\000e\000n\000\051}{subsection.7.14.2}% 407
\BOOKMARK [3][-]{subsubsection.7.14.2.6}{\376\377\0007\000.\0001\0004\000.\0002\000.\0006\000\040\000c\000h\000e\000c\000k\000P\000o\000s\000i\000t\000i\000o\000n\000s\000\050\000\051}{subsection.7.14.2}% 408
\BOOKMARK [3][-]{subsubsection.7.14.2.7}{\376\377\0007\000.\0001\0004\000.\0002\000.\0007\000\040\000g\000e\000t\000D\000o\000w\000n\000A\000n\000i\000m\000a\000t\000i\000o\000n\000\050\000\051}{subsection.7.14.2}% 409
\BOOKMARK [3][-]{subsubsection.7.14.2.8}{\376\377\0007\000.\0001\0004\000.\0002\000.\0008\000\040\000g\000e\000t\000L\000e\000f\000t\000A\000n\000i\000m\000a\000t\000i\000o\000n\000\050\000\051}{subsection.7.14.2}% 410
\BOOKMARK [3][-]{subsubsection.7.14.2.9}{\376\377\0007\000.\0001\0004\000.\0002\000.\0009\000\040\000g\000e\000t\000O\000b\000j\000e\000c\000t\000s\000V\000e\000c\000t\000o\000r\000\050\000\051}{subsection.7.14.2}% 411
\BOOKMARK [3][-]{subsubsection.7.14.2.10}{\376\377\0007\000.\0001\0004\000.\0002\000.\0001\0000\000\040\000g\000e\000t\000R\000i\000g\000h\000t\000A\000n\000i\000m\000a\000t\000i\000o\000n\000\050\000\051}{subsection.7.14.2}% 412
\BOOKMARK [3][-]{subsubsection.7.14.2.11}{\376\377\0007\000.\0001\0004\000.\0002\000.\0001\0001\000\040\000g\000e\000t\000U\000p\000A\000n\000i\000m\000a\000t\000i\000o\000n\000\050\000\051}{subsection.7.14.2}% 413
\BOOKMARK [3][-]{subsubsection.7.14.2.12}{\376\377\0007\000.\0001\0004\000.\0002\000.\0001\0002\000\040\000g\000e\000t\000V\000i\000d\000e\000o\000T\000o\000P\000l\000a\000y\000\050\000\051}{subsection.7.14.2}% 414
\BOOKMARK [3][-]{subsubsection.7.14.2.13}{\376\377\0007\000.\0001\0004\000.\0002\000.\0001\0003\000\040\000i\000n\000i\000t\000\050\000\051}{subsection.7.14.2}% 415
\BOOKMARK [3][-]{subsubsection.7.14.2.14}{\376\377\0007\000.\0001\0004\000.\0002\000.\0001\0004\000\040\000l\000o\000a\000d\000V\000i\000d\000e\000o\000s\000\050\000\051}{subsection.7.14.2}% 416
\BOOKMARK [3][-]{subsubsection.7.14.2.15}{\376\377\0007\000.\0001\0004\000.\0002\000.\0001\0005\000\040\000s\000e\000t\000D\000o\000w\000n\000A\000n\000i\000m\000a\000t\000i\000o\000n\000\050\000b\000o\000o\000l\000\040\000d\000o\000w\000n\000A\000n\000i\000m\000a\000t\000i\000o\000n\000\051}{subsection.7.14.2}% 417
\BOOKMARK [3][-]{subsubsection.7.14.2.16}{\376\377\0007\000.\0001\0004\000.\0002\000.\0001\0006\000\040\000s\000e\000t\000L\000e\000f\000t\000A\000n\000i\000m\000a\000t\000i\000o\000n\000\050\000b\000o\000o\000l\000\040\000l\000e\000f\000t\000A\000n\000i\000m\000a\000t\000i\000o\000n\000\051}{subsection.7.14.2}% 418
\BOOKMARK [3][-]{subsubsection.7.14.2.17}{\376\377\0007\000.\0001\0004\000.\0002\000.\0001\0007\000\040\000s\000e\000t\000P\000o\000s\000i\000t\000i\000o\000n\000s\000\050\000\051}{subsection.7.14.2}% 419
\BOOKMARK [3][-]{subsubsection.7.14.2.18}{\376\377\0007\000.\0001\0004\000.\0002\000.\0001\0008\000\040\000s\000e\000t\000R\000i\000g\000h\000t\000A\000n\000i\000m\000a\000t\000i\000o\000n\000\050\000b\000o\000o\000l\000\040\000r\000i\000g\000h\000t\000A\000n\000i\000m\000a\000t\000i\000o\000n\000\051}{subsection.7.14.2}% 420
\BOOKMARK [3][-]{subsubsection.7.14.2.19}{\376\377\0007\000.\0001\0004\000.\0002\000.\0001\0009\000\040\000s\000e\000t\000U\000p\000A\000n\000i\000m\000a\000t\000i\000o\000n\000\050\000b\000o\000o\000l\000\040\000u\000p\000A\000n\000i\000m\000a\000t\000i\000o\000n\000\051}{subsection.7.14.2}% 421
\BOOKMARK [3][-]{subsubsection.7.14.2.20}{\376\377\0007\000.\0001\0004\000.\0002\000.\0002\0000\000\040\000v\000i\000d\000e\000o\000E\000v\000e\000n\000t\000s\000\050\000\051}{subsection.7.14.2}% 422
\BOOKMARK [2][-]{subsection.7.14.3}{\376\377\0007\000.\0001\0004\000.\0003\000\040\000F\000i\000e\000l\000d\000\040\000D\000o\000c\000u\000m\000e\000n\000t\000a\000t\000i\000o\000n}{section.7.14}% 423
\BOOKMARK [3][-]{subsubsection.7.14.3.1}{\376\377\0007\000.\0001\0004\000.\0003\000.\0001\000\040\000a\000n\000i\000m\000a\000t\000i\000o\000n\000S\000p\000e\000e\000d}{subsection.7.14.3}% 424
\BOOKMARK [3][-]{subsubsection.7.14.3.2}{\376\377\0007\000.\0001\0004\000.\0003\000.\0002\000\040\000a\000n\000i\000m\000a\000t\000i\000o\000n\000T\000i\000m\000e}{subsection.7.14.3}% 425
\BOOKMARK [3][-]{subsubsection.7.14.3.3}{\376\377\0007\000.\0001\0004\000.\0003\000.\0003\000\040\000d\000o\000w\000n\000A\000n\000i\000m\000a\000t\000i\000o\000n}{subsection.7.14.3}% 426
\BOOKMARK [3][-]{subsubsection.7.14.3.4}{\376\377\0007\000.\0001\0004\000.\0003\000.\0004\000\040\000f\000i\000r\000s\000t}{subsection.7.14.3}% 427
\BOOKMARK [3][-]{subsubsection.7.14.3.5}{\376\377\0007\000.\0001\0004\000.\0003\000.\0005\000\040\000f\000i\000r\000s\000t\000V\000i\000d\000e\000o\000P\000o\000s\000i\000t\000i\000o\000n}{subsection.7.14.3}% 428
\BOOKMARK [3][-]{subsubsection.7.14.3.6}{\376\377\0007\000.\0001\0004\000.\0003\000.\0006\000\040\000l\000e\000f\000t\000A\000n\000i\000m\000a\000t\000i\000o\000n}{subsection.7.14.3}% 429
\BOOKMARK [3][-]{subsubsection.7.14.3.7}{\376\377\0007\000.\0001\0004\000.\0003\000.\0007\000\040\000l\000e\000f\000t\000P\000o\000s\000i\000t\000i\000o\000n}{subsection.7.14.3}% 430
\BOOKMARK [3][-]{subsubsection.7.14.3.8}{\376\377\0007\000.\0001\0004\000.\0003\000.\0008\000\040\000m\000o\000v\000i\000e}{subsection.7.14.3}% 431
\BOOKMARK [3][-]{subsubsection.7.14.3.9}{\376\377\0007\000.\0001\0004\000.\0003\000.\0009\000\040\000n\000V\000i\000d\000e\000o}{subsection.7.14.3}% 432
\BOOKMARK [3][-]{subsubsection.7.14.3.10}{\376\377\0007\000.\0001\0004\000.\0003\000.\0001\0000\000\040\000o\000u\000t\000P\000o\000s\000i\000t\000i\000o\000n}{subsection.7.14.3}% 433
\BOOKMARK [3][-]{subsubsection.7.14.3.11}{\376\377\0007\000.\0001\0004\000.\0003\000.\0001\0001\000\040\000r\000i\000g\000h\000t\000A\000n\000i\000m\000a\000t\000i\000o\000n}{subsection.7.14.3}% 434
\BOOKMARK [3][-]{subsubsection.7.14.3.12}{\376\377\0007\000.\0001\0004\000.\0003\000.\0001\0002\000\040\000r\000i\000g\000h\000t\000P\000o\000s\000i\000t\000i\000o\000n}{subsection.7.14.3}% 435
\BOOKMARK [3][-]{subsubsection.7.14.3.13}{\376\377\0007\000.\0001\0004\000.\0003\000.\0001\0003\000\040\000s\000c\000a\000l\000e\000F\000a\000c\000t\000o\000r}{subsection.7.14.3}% 436
\BOOKMARK [3][-]{subsubsection.7.14.3.14}{\376\377\0007\000.\0001\0004\000.\0003\000.\0001\0004\000\040\000s\000t\000e\000p\000C\000o\000u\000n\000t\000e\000r}{subsection.7.14.3}% 437
\BOOKMARK [3][-]{subsubsection.7.14.3.15}{\376\377\0007\000.\0001\0004\000.\0003\000.\0001\0005\000\040\000t\000o\000D\000r\000a\000w}{subsection.7.14.3}% 438
\BOOKMARK [3][-]{subsubsection.7.14.3.16}{\376\377\0007\000.\0001\0004\000.\0003\000.\0001\0006\000\040\000u\000p\000A\000n\000i\000m\000a\000t\000i\000o\000n}{subsection.7.14.3}% 439
\BOOKMARK [3][-]{subsubsection.7.14.3.17}{\376\377\0007\000.\0001\0004\000.\0003\000.\0001\0007\000\040\000v\000i\000d\000e\000o\000F\000i\000l\000e\000s}{subsection.7.14.3}% 440
\BOOKMARK [0][-]{chapter.8}{\376\377\0008\000\040\000F\000i\000l\000e\000\040\000D\000o\000c\000u\000m\000e\000n\000t\000a\000t\000i\000o\000n}{}% 441
\BOOKMARK [1][-]{section.8.1}{\376\377\0008\000.\0001\000\040\000B\000l\000u\000e\000t\000o\000o\000t\000h\000.\000h\000\040\000F\000i\000l\000e\000\040\000R\000e\000f\000e\000r\000e\000n\000c\000e}{chapter.8}% 442
\BOOKMARK [1][-]{section.8.2}{\376\377\0008\000.\0002\000\040\000E\000r\000r\000o\000r\000s\000.\000t\000x\000t\000\040\000F\000i\000l\000e\000\040\000R\000e\000f\000e\000r\000e\000n\000c\000e}{chapter.8}% 443
\BOOKMARK [1][-]{section.8.3}{\376\377\0008\000.\0003\000\040\000F\000i\000l\000e\000.\000h\000\040\000F\000i\000l\000e\000\040\000R\000e\000f\000e\000r\000e\000n\000c\000e}{chapter.8}% 444
\BOOKMARK [1][-]{section.8.4}{\376\377\0008\000.\0004\000\040\000G\000l\000o\000b\000a\000l\000.\000h\000\040\000F\000i\000l\000e\000\040\000R\000e\000f\000e\000r\000e\000n\000c\000e}{chapter.8}% 445
\BOOKMARK [2][-]{subsection.8.4.1}{\376\377\0008\000.\0004\000.\0001\000\040\000M\000a\000c\000r\000o\000\040\000D\000e\000f\000i\000n\000i\000t\000i\000o\000n\000\040\000D\000o\000c\000u\000m\000e\000n\000t\000a\000t\000i\000o\000n}{section.8.4}% 446
\BOOKMARK [3][-]{subsubsection.8.4.1.1}{\376\377\0008\000.\0004\000.\0001\000.\0001\000\040\000D\000E\000B\000U\000G}{subsection.8.4.1}% 447
\BOOKMARK [3][-]{subsubsection.8.4.1.2}{\376\377\0008\000.\0004\000.\0001\000.\0002\000\040\000D\000I\000A\000G\000O\000N\000A\000L}{subsection.8.4.1}% 448
\BOOKMARK [3][-]{subsubsection.8.4.1.3}{\376\377\0008\000.\0004\000.\0001\000.\0003\000\040\000D\000O\000W\000N}{subsection.8.4.1}% 449
\BOOKMARK [3][-]{subsubsection.8.4.1.4}{\376\377\0008\000.\0004\000.\0001\000.\0004\000\040\000L\000E\000A\000P\000S\000C\000A\000L\000E}{subsection.8.4.1}% 450
\BOOKMARK [3][-]{subsubsection.8.4.1.5}{\376\377\0008\000.\0004\000.\0001\000.\0005\000\040\000L\000E\000F\000T}{subsection.8.4.1}% 451
\BOOKMARK [3][-]{subsubsection.8.4.1.6}{\376\377\0008\000.\0004\000.\0001\000.\0006\000\040\000P\000I}{subsection.8.4.1}% 452
\BOOKMARK [3][-]{subsubsection.8.4.1.7}{\376\377\0008\000.\0004\000.\0001\000.\0007\000\040\000R\000I\000G\000H\000T}{subsection.8.4.1}% 453
\BOOKMARK [3][-]{subsubsection.8.4.1.8}{\376\377\0008\000.\0004\000.\0001\000.\0008\000\040\000S\000C\000R\000E\000E\000N}{subsection.8.4.1}% 454
\BOOKMARK [3][-]{subsubsection.8.4.1.9}{\376\377\0008\000.\0004\000.\0001\000.\0009\000\040\000U\000P}{subsection.8.4.1}% 455
\BOOKMARK [3][-]{subsubsection.8.4.1.10}{\376\377\0008\000.\0004\000.\0001\000.\0001\0000\000\040\000V\000E\000R\000B\000O\000S\000E}{subsection.8.4.1}% 456
\BOOKMARK [2][-]{subsection.8.4.2}{\376\377\0008\000.\0004\000.\0002\000\040\000E\000n\000u\000m\000e\000r\000a\000t\000i\000o\000n\000\040\000T\000y\000p\000e\000\040\000D\000o\000c\000u\000m\000e\000n\000t\000a\000t\000i\000o\000n}{section.8.4}% 457
\BOOKMARK [3][-]{subsubsection.8.4.2.1}{\376\377\0008\000.\0004\000.\0002\000.\0001\000\040\000M\000A\000N\000A\000G\000E\000R\000S\000T\000A\000T\000U\000S}{subsection.8.4.2}% 458
\BOOKMARK [2][-]{subsection.8.4.3}{\376\377\0008\000.\0004\000.\0003\000\040\000F\000u\000n\000c\000t\000i\000o\000n\000\040\000D\000o\000c\000u\000m\000e\000n\000t\000a\000t\000i\000o\000n}{section.8.4}% 459
\BOOKMARK [3][-]{subsubsection.8.4.3.1}{\376\377\0008\000.\0004\000.\0003\000.\0001\000\040\000i\000n\000i\000t\000G\000l\000o\000b\000a\000l\000\050\000\051}{subsection.8.4.3}% 460
\BOOKMARK [2][-]{subsection.8.4.4}{\376\377\0008\000.\0004\000.\0004\000\040\000V\000a\000r\000i\000a\000b\000l\000e\000\040\000D\000o\000c\000u\000m\000e\000n\000t\000a\000t\000i\000o\000n}{section.8.4}% 461
\BOOKMARK [3][-]{subsubsection.8.4.4.1}{\376\377\0008\000.\0004\000.\0004\000.\0001\000\040\000d\000i\000a\000g\000o\000n\000a\000l\000A\000n\000g\000l\000e}{subsection.8.4.4}% 462
\BOOKMARK [3][-]{subsubsection.8.4.4.2}{\376\377\0008\000.\0004\000.\0004\000.\0002\000\040\000f\000r\000a\000m\000e\000R\000a\000t\000e\000L\000i\000m\000i\000t}{subsection.8.4.4}% 463
\BOOKMARK [3][-]{subsubsection.8.4.4.3}{\376\377\0008\000.\0004\000.\0004\000.\0003\000\040\000h\000e\000i\000g\000h\000t}{subsection.8.4.4}% 464
\BOOKMARK [3][-]{subsubsection.8.4.4.4}{\376\377\0008\000.\0004\000.\0004\000.\0004\000\040\000h\000o\000r\000i\000z\000o\000n\000t\000a\000l\000A\000s\000p\000e\000c\000t\000R\000a\000t\000i\000o}{subsection.8.4.4}% 465
\BOOKMARK [3][-]{subsubsection.8.4.4.5}{\376\377\0008\000.\0004\000.\0004\000.\0005\000\040\000m\000a\000i\000n\000D\000i\000a\000g\000o\000n\000a\000l}{subsection.8.4.4}% 466
\BOOKMARK [3][-]{subsubsection.8.4.4.6}{\376\377\0008\000.\0004\000.\0004\000.\0006\000\040\000M\000Y\000O}{subsection.8.4.4}% 467
\BOOKMARK [3][-]{subsubsection.8.4.4.7}{\376\377\0008\000.\0004\000.\0004\000.\0007\000\040\000p\000i\000t}{subsection.8.4.4}% 468
\BOOKMARK [3][-]{subsubsection.8.4.4.8}{\376\377\0008\000.\0004\000.\0004\000.\0008\000\040\000q\000u\000i\000t}{subsection.8.4.4}% 469
\BOOKMARK [3][-]{subsubsection.8.4.4.9}{\376\377\0008\000.\0004\000.\0004\000.\0009\000\040\000s\000e\000c\000o\000n\000d\000a\000r\000y\000D\000i\000a\000g\000o\000n\000a\000l}{subsection.8.4.4}% 470
\BOOKMARK [3][-]{subsubsection.8.4.4.10}{\376\377\0008\000.\0004\000.\0004\000.\0001\0000\000\040\000v\000e\000r\000t\000i\000c\000a\000l\000A\000s\000p\000e\000c\000t\000R\000a\000t\000i\000o}{subsection.8.4.4}% 471
\BOOKMARK [3][-]{subsubsection.8.4.4.11}{\376\377\0008\000.\0004\000.\0004\000.\0001\0001\000\040\000w\000i\000d\000t\000h}{subsection.8.4.4}% 472
\BOOKMARK [3][-]{subsubsection.8.4.4.12}{\376\377\0008\000.\0004\000.\0004\000.\0001\0002\000\040\000w\000o\000r\000k\000i\000n\000g\000P\000a\000t\000h}{subsection.8.4.4}% 473
\BOOKMARK [1][-]{section.8.5}{\376\377\0008\000.\0005\000\040\000L\000e\000a\000p\000L\000i\000s\000t\000e\000n\000e\000r\000.\000h\000\040\000F\000i\000l\000e\000\040\000R\000e\000f\000e\000r\000e\000n\000c\000e}{chapter.8}% 474
\BOOKMARK [2][-]{subsection.8.5.1}{\376\377\0008\000.\0005\000.\0001\000\040\000M\000a\000c\000r\000o\000\040\000D\000e\000f\000i\000n\000i\000t\000i\000o\000n\000\040\000D\000o\000c\000u\000m\000e\000n\000t\000a\000t\000i\000o\000n}{section.8.5}% 475
\BOOKMARK [3][-]{subsubsection.8.5.1.1}{\376\377\0008\000.\0005\000.\0001\000.\0001\000\040\000N\000F\000I\000N\000G\000E\000R\000S}{subsection.8.5.1}% 476
\BOOKMARK [3][-]{subsubsection.8.5.1.2}{\376\377\0008\000.\0005\000.\0001\000.\0002\000\040\000N\000S\000T\000A\000T\000E\000S}{subsection.8.5.1}% 477
\BOOKMARK [1][-]{section.8.6}{\376\377\0008\000.\0006\000\040\000L\000i\000b\000r\000a\000r\000i\000e\000s\000.\000h\000\040\000F\000i\000l\000e\000\040\000R\000e\000f\000e\000r\000e\000n\000c\000e}{chapter.8}% 478
\BOOKMARK [1][-]{section.8.7}{\376\377\0008\000.\0007\000\040\000M\000a\000n\000a\000g\000e\000r\000.\000h\000\040\000F\000i\000l\000e\000\040\000R\000e\000f\000e\000r\000e\000n\000c\000e}{chapter.8}% 479
\BOOKMARK [1][-]{section.8.8}{\376\377\0008\000.\0008\000\040\000M\000e\000n\000u\000.\000h\000\040\000F\000i\000l\000e\000\040\000R\000e\000f\000e\000r\000e\000n\000c\000e}{chapter.8}% 480
\BOOKMARK [1][-]{section.8.9}{\376\377\0008\000.\0009\000\040\000M\000e\000s\000h\000.\000h\000\040\000F\000i\000l\000e\000\040\000R\000e\000f\000e\000r\000e\000n\000c\000e}{chapter.8}% 481
\BOOKMARK [1][-]{section.8.10}{\376\377\0008\000.\0001\0000\000\040\000M\000o\000d\000e\000l\000.\000h\000\040\000F\000i\000l\000e\000\040\000R\000e\000f\000e\000r\000e\000n\000c\000e}{chapter.8}% 482
\BOOKMARK [1][-]{section.8.11}{\376\377\0008\000.\0001\0001\000\040\000M\000y\000o\000C\000o\000n\000n\000e\000c\000t\000o\000r\000.\000h\000\040\000F\000i\000l\000e\000\040\000R\000e\000f\000e\000r\000e\000n\000c\000e}{chapter.8}% 483
\BOOKMARK [1][-]{section.8.12}{\376\377\0008\000.\0001\0002\000\040\000R\000E\000A\000D\000M\000E\000.\000m\000d\000\040\000F\000i\000l\000e\000\040\000R\000e\000f\000e\000r\000e\000n\000c\000e}{chapter.8}% 484
\BOOKMARK [1][-]{section.8.13}{\376\377\0008\000.\0001\0003\000\040\000S\000e\000t\000t\000i\000n\000g\000s\000.\000h\000\040\000F\000i\000l\000e\000\040\000R\000e\000f\000e\000r\000e\000n\000c\000e}{chapter.8}% 485
\BOOKMARK [1][-]{section.8.14}{\376\377\0008\000.\0001\0004\000\040\000S\000h\000a\000d\000e\000r\000.\000h\000\040\000F\000i\000l\000e\000\040\000R\000e\000f\000e\000r\000e\000n\000c\000e}{chapter.8}% 486
\BOOKMARK [1][-]{section.8.15}{\376\377\0008\000.\0001\0005\000\040\000T\000h\000r\000e\000e\000D\000.\000h\000\040\000F\000i\000l\000e\000\040\000R\000e\000f\000e\000r\000e\000n\000c\000e}{chapter.8}% 487
\BOOKMARK [1][-]{section.8.16}{\376\377\0008\000.\0001\0006\000\040\000V\000i\000d\000e\000o\000.\000h\000\040\000F\000i\000l\000e\000\040\000R\000e\000f\000e\000r\000e\000n\000c\000e}{chapter.8}% 488
